#! /c/Source/iverilog-install/bin/vvp
:ivl_version "12.0 (devel)" "(s20150603-1539-g2693dd32b)";
:ivl_delay_selection "TYPICAL";
:vpi_time_precision + 0;
:vpi_module "C:\iverilog\lib\ivl\system.vpi";
:vpi_module "C:\iverilog\lib\ivl\vhdl_sys.vpi";
:vpi_module "C:\iverilog\lib\ivl\vhdl_textio.vpi";
:vpi_module "C:\iverilog\lib\ivl\v2005_math.vpi";
:vpi_module "C:\iverilog\lib\ivl\va_math.vpi";
S_00000221b491d490 .scope module, "problema1_tb" "problema1_tb" 2 29;
 .timescale 0 0;
v00000221b497a840_0 .var "binary_input", 3 0;
v00000221b497a8e0_0 .net "display", 6 0, L_00000221b497c850;  1 drivers
S_00000221b49052f0 .scope module, "uut" "problema1" 2 38, 2 3 0, S_00000221b491d490;
 .timescale 0 0;
    .port_info 0 /INPUT 4 "binary_input";
    .port_info 1 /OUTPUT 7 "display";
L_00000221b4916160 .functor NOT 1, L_00000221b497b130, C4<0>, C4<0>, C4<0>;
L_00000221b4916940 .functor NOT 1, L_00000221b497b630, C4<0>, C4<0>, C4<0>;
L_00000221b4916f60 .functor AND 1, L_00000221b4916160, L_00000221b4916940, C4<1>, C4<1>;
L_00000221b49167f0 .functor NOT 1, L_00000221b497bc70, C4<0>, C4<0>, C4<0>;
L_00000221b4916390 .functor AND 1, L_00000221b4916f60, L_00000221b49167f0, C4<1>, C4<1>;
L_00000221b4916b00 .functor NOT 1, L_00000221b497b130, C4<0>, C4<0>, C4<0>;
L_00000221b49165c0 .functor AND 1, L_00000221b4916b00, L_00000221b497b630, C4<1>, C4<1>;
L_00000221b4916a90 .functor AND 1, L_00000221b49165c0, L_00000221b497bc70, C4<1>, C4<1>;
L_00000221b49166a0 .functor AND 1, L_00000221b4916a90, L_00000221b497c7b0, C4<1>, C4<1>;
L_00000221b4916be0 .functor OR 1, L_00000221b4916390, L_00000221b49166a0, C4<0>, C4<0>;
L_00000221b4916400 .functor AND 1, L_00000221b497b130, L_00000221b497b630, C4<1>, C4<1>;
L_00000221b4916320 .functor NOT 1, L_00000221b497bc70, C4<0>, C4<0>, C4<0>;
L_00000221b49161d0 .functor AND 1, L_00000221b4916400, L_00000221b4916320, C4<1>, C4<1>;
L_00000221b4916240 .functor NOT 1, L_00000221b497c7b0, C4<0>, C4<0>, C4<0>;
L_00000221b4916470 .functor AND 1, L_00000221b49161d0, L_00000221b4916240, C4<1>, C4<1>;
L_00000221b4916710 .functor OR 1, L_00000221b4916be0, L_00000221b4916470, C4<0>, C4<0>;
L_00000221b4916e10 .functor NOT 1, L_00000221b497b130, C4<0>, C4<0>, C4<0>;
L_00000221b49162b0 .functor NOT 1, L_00000221b497b630, C4<0>, C4<0>, C4<0>;
L_00000221b497f740 .functor AND 1, L_00000221b4916e10, L_00000221b49162b0, C4<1>, C4<1>;
L_00000221b497f190 .functor AND 1, L_00000221b497f740, L_00000221b497c7b0, C4<1>, C4<1>;
L_00000221b497fc10 .functor NOT 1, L_00000221b497b130, C4<0>, C4<0>, C4<0>;
L_00000221b497f120 .functor NOT 1, L_00000221b497b630, C4<0>, C4<0>, C4<0>;
L_00000221b497f7b0 .functor AND 1, L_00000221b497fc10, L_00000221b497f120, C4<1>, C4<1>;
L_00000221b497fc80 .functor AND 1, L_00000221b497f7b0, L_00000221b497bc70, C4<1>, C4<1>;
L_00000221b497fba0 .functor OR 1, L_00000221b497f190, L_00000221b497fc80, C4<0>, C4<0>;
L_00000221b497ef60 .functor NOT 1, L_00000221b497b130, C4<0>, C4<0>, C4<0>;
L_00000221b497f4a0 .functor AND 1, L_00000221b497ef60, L_00000221b497bc70, C4<1>, C4<1>;
L_00000221b497f9e0 .functor AND 1, L_00000221b497f4a0, L_00000221b497c7b0, C4<1>, C4<1>;
L_00000221b497f820 .functor OR 1, L_00000221b497fba0, L_00000221b497f9e0, C4<0>, C4<0>;
L_00000221b497f350 .functor AND 1, L_00000221b497b130, L_00000221b497b630, C4<1>, C4<1>;
L_00000221b497f890 .functor NOT 1, L_00000221b497bc70, C4<0>, C4<0>, C4<0>;
L_00000221b497f900 .functor AND 1, L_00000221b497f350, L_00000221b497f890, C4<1>, C4<1>;
L_00000221b497f040 .functor AND 1, L_00000221b497f900, L_00000221b497c7b0, C4<1>, C4<1>;
L_00000221b497f970 .functor OR 1, L_00000221b497f820, L_00000221b497f040, C4<0>, C4<0>;
L_00000221b497fa50 .functor NOT 1, L_00000221b497b130, C4<0>, C4<0>, C4<0>;
L_00000221b497f200 .functor AND 1, L_00000221b497fa50, L_00000221b497c7b0, C4<1>, C4<1>;
L_00000221b497f580 .functor NOT 1, L_00000221b497b130, C4<0>, C4<0>, C4<0>;
L_00000221b497f510 .functor AND 1, L_00000221b497f580, L_00000221b497b630, C4<1>, C4<1>;
L_00000221b497fac0 .functor NOT 1, L_00000221b497bc70, C4<0>, C4<0>, C4<0>;
L_00000221b497f5f0 .functor AND 1, L_00000221b497f510, L_00000221b497fac0, C4<1>, C4<1>;
L_00000221b497ee80 .functor OR 1, L_00000221b497f200, L_00000221b497f5f0, C4<0>, C4<0>;
L_00000221b497fb30 .functor AND 1, L_00000221b497b630, L_00000221b497bc70, C4<1>, C4<1>;
L_00000221b497f660 .functor AND 1, L_00000221b497fb30, L_00000221b497c7b0, C4<1>, C4<1>;
L_00000221b497f270 .functor NOT 1, L_00000221b497b130, C4<0>, C4<0>, C4<0>;
L_00000221b497eda0 .functor NOT 1, L_00000221b497b630, C4<0>, C4<0>, C4<0>;
L_00000221b497f6d0 .functor AND 1, L_00000221b497f270, L_00000221b497eda0, C4<1>, C4<1>;
L_00000221b497f0b0 .functor NOT 1, L_00000221b497bc70, C4<0>, C4<0>, C4<0>;
L_00000221b497ee10 .functor AND 1, L_00000221b497f6d0, L_00000221b497f0b0, C4<1>, C4<1>;
L_00000221b497f3c0 .functor AND 1, L_00000221b497ee10, L_00000221b497c7b0, C4<1>, C4<1>;
L_00000221b497f2e0 .functor OR 1, L_00000221b497f660, L_00000221b497f3c0, C4<0>, C4<0>;
L_00000221b497eef0 .functor NOT 1, L_00000221b497b130, C4<0>, C4<0>, C4<0>;
L_00000221b497efd0 .functor AND 1, L_00000221b497eef0, L_00000221b497b630, C4<1>, C4<1>;
L_00000221b497f430 .functor NOT 1, L_00000221b497bc70, C4<0>, C4<0>, C4<0>;
L_00000221b4980200 .functor AND 1, L_00000221b497efd0, L_00000221b497f430, C4<1>, C4<1>;
L_00000221b4980dd0 .functor NOT 1, L_00000221b497c7b0, C4<0>, C4<0>, C4<0>;
L_00000221b4980e40 .functor AND 1, L_00000221b4980200, L_00000221b4980dd0, C4<1>, C4<1>;
L_00000221b4980eb0 .functor OR 1, L_00000221b497f2e0, L_00000221b4980e40, C4<0>, C4<0>;
L_00000221b4980d60 .functor NOT 1, L_00000221b497b630, C4<0>, C4<0>, C4<0>;
L_00000221b4980270 .functor AND 1, L_00000221b497b130, L_00000221b4980d60, C4<1>, C4<1>;
L_00000221b49806d0 .functor AND 1, L_00000221b4980270, L_00000221b497bc70, C4<1>, C4<1>;
L_00000221b49807b0 .functor NOT 1, L_00000221b497c7b0, C4<0>, C4<0>, C4<0>;
L_00000221b497ffd0 .functor AND 1, L_00000221b49806d0, L_00000221b49807b0, C4<1>, C4<1>;
L_00000221b49802e0 .functor OR 1, L_00000221b4980eb0, L_00000221b497ffd0, C4<0>, C4<0>;
L_00000221b4980040 .functor AND 1, L_00000221b497b130, L_00000221b497b630, C4<1>, C4<1>;
L_00000221b49800b0 .functor NOT 1, L_00000221b497c7b0, C4<0>, C4<0>, C4<0>;
L_00000221b4980120 .functor AND 1, L_00000221b4980040, L_00000221b49800b0, C4<1>, C4<1>;
L_00000221b4980820 .functor AND 1, L_00000221b497b130, L_00000221b497b630, C4<1>, C4<1>;
L_00000221b4980890 .functor AND 1, L_00000221b4980820, L_00000221b497bc70, C4<1>, C4<1>;
L_00000221b4980b30 .functor OR 1, L_00000221b4980120, L_00000221b4980890, C4<0>, C4<0>;
L_00000221b4980580 .functor NOT 1, L_00000221b497b130, C4<0>, C4<0>, C4<0>;
L_00000221b49809e0 .functor NOT 1, L_00000221b497b630, C4<0>, C4<0>, C4<0>;
L_00000221b4980900 .functor AND 1, L_00000221b4980580, L_00000221b49809e0, C4<1>, C4<1>;
L_00000221b4980970 .functor AND 1, L_00000221b4980900, L_00000221b497bc70, C4<1>, C4<1>;
L_00000221b4980660 .functor NOT 1, L_00000221b497c7b0, C4<0>, C4<0>, C4<0>;
L_00000221b49805f0 .functor AND 1, L_00000221b4980970, L_00000221b4980660, C4<1>, C4<1>;
L_00000221b4980740 .functor OR 1, L_00000221b4980b30, L_00000221b49805f0, C4<0>, C4<0>;
L_00000221b4980c10 .functor AND 1, L_00000221b497b630, L_00000221b497bc70, C4<1>, C4<1>;
L_00000221b4980190 .functor NOT 1, L_00000221b497c7b0, C4<0>, C4<0>, C4<0>;
L_00000221b4980a50 .functor AND 1, L_00000221b4980c10, L_00000221b4980190, C4<1>, C4<1>;
L_00000221b4980350 .functor AND 1, L_00000221b497b130, L_00000221b497bc70, C4<1>, C4<1>;
L_00000221b4980ac0 .functor AND 1, L_00000221b4980350, L_00000221b497c7b0, C4<1>, C4<1>;
L_00000221b4980ba0 .functor OR 1, L_00000221b4980a50, L_00000221b4980ac0, C4<0>, C4<0>;
L_00000221b49803c0 .functor AND 1, L_00000221b497b130, L_00000221b497b630, C4<1>, C4<1>;
L_00000221b4980c80 .functor NOT 1, L_00000221b497c7b0, C4<0>, C4<0>, C4<0>;
L_00000221b4980cf0 .functor AND 1, L_00000221b49803c0, L_00000221b4980c80, C4<1>, C4<1>;
L_00000221b4980430 .functor OR 1, L_00000221b4980ba0, L_00000221b4980cf0, C4<0>, C4<0>;
L_00000221b49804a0 .functor NOT 1, L_00000221b497b130, C4<0>, C4<0>, C4<0>;
L_00000221b4980510 .functor AND 1, L_00000221b49804a0, L_00000221b497b630, C4<1>, C4<1>;
L_00000221b4983f40 .functor NOT 1, L_00000221b497bc70, C4<0>, C4<0>, C4<0>;
L_00000221b4983840 .functor AND 1, L_00000221b4980510, L_00000221b4983f40, C4<1>, C4<1>;
L_00000221b4983a00 .functor AND 1, L_00000221b4983840, L_00000221b497c7b0, C4<1>, C4<1>;
L_00000221b4983610 .functor OR 1, L_00000221b4980430, L_00000221b4983a00, C4<0>, C4<0>;
L_00000221b4983680 .functor NOT 1, L_00000221b497b130, C4<0>, C4<0>, C4<0>;
L_00000221b4984090 .functor NOT 1, L_00000221b497b630, C4<0>, C4<0>, C4<0>;
L_00000221b49838b0 .functor AND 1, L_00000221b4983680, L_00000221b4984090, C4<1>, C4<1>;
L_00000221b49833e0 .functor NOT 1, L_00000221b497bc70, C4<0>, C4<0>, C4<0>;
L_00000221b4983920 .functor AND 1, L_00000221b49838b0, L_00000221b49833e0, C4<1>, C4<1>;
L_00000221b49836f0 .functor AND 1, L_00000221b4983920, L_00000221b497c7b0, C4<1>, C4<1>;
L_00000221b4983370 .functor NOT 1, L_00000221b497b130, C4<0>, C4<0>, C4<0>;
L_00000221b4983b50 .functor AND 1, L_00000221b4983370, L_00000221b497b630, C4<1>, C4<1>;
L_00000221b4983990 .functor NOT 1, L_00000221b497bc70, C4<0>, C4<0>, C4<0>;
L_00000221b4983bc0 .functor AND 1, L_00000221b4983b50, L_00000221b4983990, C4<1>, C4<1>;
L_00000221b4983a70 .functor NOT 1, L_00000221b497c7b0, C4<0>, C4<0>, C4<0>;
L_00000221b4983ae0 .functor AND 1, L_00000221b4983bc0, L_00000221b4983a70, C4<1>, C4<1>;
L_00000221b49834c0 .functor OR 1, L_00000221b49836f0, L_00000221b4983ae0, C4<0>, C4<0>;
L_00000221b4983290 .functor NOT 1, L_00000221b497b630, C4<0>, C4<0>, C4<0>;
L_00000221b4983c30 .functor AND 1, L_00000221b497b130, L_00000221b4983290, C4<1>, C4<1>;
L_00000221b4983ca0 .functor AND 1, L_00000221b4983c30, L_00000221b497bc70, C4<1>, C4<1>;
L_00000221b4983e60 .functor AND 1, L_00000221b4983ca0, L_00000221b497c7b0, C4<1>, C4<1>;
L_00000221b4984020 .functor OR 1, L_00000221b49834c0, L_00000221b4983e60, C4<0>, C4<0>;
L_00000221b4983fb0 .functor AND 1, L_00000221b497b130, L_00000221b497b630, C4<1>, C4<1>;
L_00000221b4983d10 .functor NOT 1, L_00000221b497bc70, C4<0>, C4<0>, C4<0>;
L_00000221b4983df0 .functor AND 1, L_00000221b4983fb0, L_00000221b4983d10, C4<1>, C4<1>;
L_00000221b4983d80 .functor AND 1, L_00000221b4983df0, L_00000221b497c7b0, C4<1>, C4<1>;
L_00000221b4983ed0 .functor OR 1, L_00000221b4984020, L_00000221b4983d80, C4<0>, C4<0>;
v00000221b49139a0_0 .net "I0", 0 0, L_00000221b497b130;  1 drivers
v00000221b4913860_0 .net "I1", 0 0, L_00000221b497b630;  1 drivers
v00000221b4914f80_0 .net "I2", 0 0, L_00000221b497bc70;  1 drivers
v00000221b4915160_0 .net "I3", 0 0, L_00000221b497c7b0;  1 drivers
v00000221b4915020_0 .net *"_ivl_10", 0 0, L_00000221b4916160;  1 drivers
v00000221b4913a40_0 .net *"_ivl_100", 0 0, L_00000221b497f6d0;  1 drivers
v00000221b49149e0_0 .net *"_ivl_102", 0 0, L_00000221b497f0b0;  1 drivers
v00000221b4914300_0 .net *"_ivl_104", 0 0, L_00000221b497ee10;  1 drivers
v00000221b4914a80_0 .net *"_ivl_106", 0 0, L_00000221b497f3c0;  1 drivers
v00000221b4913ae0_0 .net *"_ivl_108", 0 0, L_00000221b497f2e0;  1 drivers
v00000221b4913c20_0 .net *"_ivl_110", 0 0, L_00000221b497eef0;  1 drivers
v00000221b4913d60_0 .net *"_ivl_112", 0 0, L_00000221b497efd0;  1 drivers
v00000221b49146c0_0 .net *"_ivl_114", 0 0, L_00000221b497f430;  1 drivers
v00000221b4914c60_0 .net *"_ivl_116", 0 0, L_00000221b4980200;  1 drivers
v00000221b4913e00_0 .net *"_ivl_118", 0 0, L_00000221b4980dd0;  1 drivers
v00000221b4913ea0_0 .net *"_ivl_12", 0 0, L_00000221b4916940;  1 drivers
v00000221b4914b20_0 .net *"_ivl_120", 0 0, L_00000221b4980e40;  1 drivers
v00000221b4914080_0 .net *"_ivl_122", 0 0, L_00000221b4980eb0;  1 drivers
v00000221b4914260_0 .net *"_ivl_124", 0 0, L_00000221b4980d60;  1 drivers
v00000221b4914760_0 .net *"_ivl_126", 0 0, L_00000221b4980270;  1 drivers
v00000221b4914800_0 .net *"_ivl_128", 0 0, L_00000221b49806d0;  1 drivers
v00000221b4914bc0_0 .net *"_ivl_130", 0 0, L_00000221b49807b0;  1 drivers
v00000221b4914d00_0 .net *"_ivl_132", 0 0, L_00000221b497ffd0;  1 drivers
v00000221b49770c0_0 .net *"_ivl_136", 0 0, L_00000221b4980040;  1 drivers
v00000221b4977d40_0 .net *"_ivl_138", 0 0, L_00000221b49800b0;  1 drivers
v00000221b4977c00_0 .net *"_ivl_14", 0 0, L_00000221b4916f60;  1 drivers
v00000221b4978740_0 .net *"_ivl_140", 0 0, L_00000221b4980120;  1 drivers
v00000221b4976d00_0 .net *"_ivl_142", 0 0, L_00000221b4980820;  1 drivers
v00000221b4977de0_0 .net *"_ivl_144", 0 0, L_00000221b4980890;  1 drivers
v00000221b49769e0_0 .net *"_ivl_146", 0 0, L_00000221b4980b30;  1 drivers
v00000221b4976f80_0 .net *"_ivl_148", 0 0, L_00000221b4980580;  1 drivers
v00000221b49782e0_0 .net *"_ivl_150", 0 0, L_00000221b49809e0;  1 drivers
v00000221b4976b20_0 .net *"_ivl_152", 0 0, L_00000221b4980900;  1 drivers
v00000221b4978600_0 .net *"_ivl_154", 0 0, L_00000221b4980970;  1 drivers
v00000221b4978240_0 .net *"_ivl_156", 0 0, L_00000221b4980660;  1 drivers
v00000221b4977ca0_0 .net *"_ivl_158", 0 0, L_00000221b49805f0;  1 drivers
v00000221b4977340_0 .net *"_ivl_16", 0 0, L_00000221b49167f0;  1 drivers
v00000221b49778e0_0 .net *"_ivl_162", 0 0, L_00000221b4980c10;  1 drivers
v00000221b4977f20_0 .net *"_ivl_164", 0 0, L_00000221b4980190;  1 drivers
v00000221b4977e80_0 .net *"_ivl_166", 0 0, L_00000221b4980a50;  1 drivers
v00000221b4977ac0_0 .net *"_ivl_168", 0 0, L_00000221b4980350;  1 drivers
v00000221b49787e0_0 .net *"_ivl_170", 0 0, L_00000221b4980ac0;  1 drivers
v00000221b49775c0_0 .net *"_ivl_172", 0 0, L_00000221b4980ba0;  1 drivers
v00000221b4977b60_0 .net *"_ivl_174", 0 0, L_00000221b49803c0;  1 drivers
v00000221b49786a0_0 .net *"_ivl_176", 0 0, L_00000221b4980c80;  1 drivers
v00000221b4976940_0 .net *"_ivl_178", 0 0, L_00000221b4980cf0;  1 drivers
v00000221b4977020_0 .net *"_ivl_18", 0 0, L_00000221b4916390;  1 drivers
v00000221b4976a80_0 .net *"_ivl_180", 0 0, L_00000221b4980430;  1 drivers
v00000221b4977fc0_0 .net *"_ivl_182", 0 0, L_00000221b49804a0;  1 drivers
v00000221b4977160_0 .net *"_ivl_184", 0 0, L_00000221b4980510;  1 drivers
v00000221b4978560_0 .net *"_ivl_186", 0 0, L_00000221b4983f40;  1 drivers
v00000221b4976bc0_0 .net *"_ivl_188", 0 0, L_00000221b4983840;  1 drivers
v00000221b4976ee0_0 .net *"_ivl_190", 0 0, L_00000221b4983a00;  1 drivers
v00000221b4977980_0 .net *"_ivl_194", 0 0, L_00000221b4983680;  1 drivers
v00000221b4977200_0 .net *"_ivl_196", 0 0, L_00000221b4984090;  1 drivers
v00000221b4976c60_0 .net *"_ivl_198", 0 0, L_00000221b49838b0;  1 drivers
v00000221b4977520_0 .net *"_ivl_20", 0 0, L_00000221b4916b00;  1 drivers
v00000221b4977660_0 .net *"_ivl_200", 0 0, L_00000221b49833e0;  1 drivers
v00000221b4978060_0 .net *"_ivl_202", 0 0, L_00000221b4983920;  1 drivers
v00000221b4978100_0 .net *"_ivl_204", 0 0, L_00000221b49836f0;  1 drivers
v00000221b4977a20_0 .net *"_ivl_206", 0 0, L_00000221b4983370;  1 drivers
v00000221b4976da0_0 .net *"_ivl_208", 0 0, L_00000221b4983b50;  1 drivers
v00000221b4977840_0 .net *"_ivl_210", 0 0, L_00000221b4983990;  1 drivers
v00000221b49777a0_0 .net *"_ivl_212", 0 0, L_00000221b4983bc0;  1 drivers
v00000221b49781a0_0 .net *"_ivl_214", 0 0, L_00000221b4983a70;  1 drivers
v00000221b4978380_0 .net *"_ivl_216", 0 0, L_00000221b4983ae0;  1 drivers
v00000221b4978420_0 .net *"_ivl_218", 0 0, L_00000221b49834c0;  1 drivers
v00000221b4976e40_0 .net *"_ivl_22", 0 0, L_00000221b49165c0;  1 drivers
v00000221b49772a0_0 .net *"_ivl_220", 0 0, L_00000221b4983290;  1 drivers
v00000221b49784c0_0 .net *"_ivl_222", 0 0, L_00000221b4983c30;  1 drivers
v00000221b49773e0_0 .net *"_ivl_224", 0 0, L_00000221b4983ca0;  1 drivers
v00000221b4977480_0 .net *"_ivl_226", 0 0, L_00000221b4983e60;  1 drivers
v00000221b4977700_0 .net *"_ivl_228", 0 0, L_00000221b4984020;  1 drivers
v00000221b4979800_0 .net *"_ivl_230", 0 0, L_00000221b4983fb0;  1 drivers
v00000221b497a2a0_0 .net *"_ivl_232", 0 0, L_00000221b4983d10;  1 drivers
v00000221b497a980_0 .net *"_ivl_234", 0 0, L_00000221b4983df0;  1 drivers
v00000221b497ab60_0 .net *"_ivl_236", 0 0, L_00000221b4983d80;  1 drivers
v00000221b4979300_0 .net *"_ivl_24", 0 0, L_00000221b4916a90;  1 drivers
v00000221b4979d00_0 .net *"_ivl_26", 0 0, L_00000221b49166a0;  1 drivers
v00000221b4979bc0_0 .net *"_ivl_28", 0 0, L_00000221b4916be0;  1 drivers
v00000221b49798a0_0 .net *"_ivl_30", 0 0, L_00000221b4916400;  1 drivers
v00000221b4979940_0 .net *"_ivl_32", 0 0, L_00000221b4916320;  1 drivers
v00000221b4979260_0 .net *"_ivl_34", 0 0, L_00000221b49161d0;  1 drivers
v00000221b4978f40_0 .net *"_ivl_36", 0 0, L_00000221b4916240;  1 drivers
v00000221b4979e40_0 .net *"_ivl_38", 0 0, L_00000221b4916470;  1 drivers
v00000221b4979580_0 .net *"_ivl_42", 0 0, L_00000221b4916e10;  1 drivers
v00000221b497ac00_0 .net *"_ivl_44", 0 0, L_00000221b49162b0;  1 drivers
v00000221b49796c0_0 .net *"_ivl_46", 0 0, L_00000221b497f740;  1 drivers
v00000221b4978d60_0 .net *"_ivl_48", 0 0, L_00000221b497f190;  1 drivers
v00000221b4979c60_0 .net *"_ivl_50", 0 0, L_00000221b497fc10;  1 drivers
v00000221b49793a0_0 .net *"_ivl_52", 0 0, L_00000221b497f120;  1 drivers
v00000221b4978e00_0 .net *"_ivl_54", 0 0, L_00000221b497f7b0;  1 drivers
v00000221b4978fe0_0 .net *"_ivl_56", 0 0, L_00000221b497fc80;  1 drivers
v00000221b4979da0_0 .net *"_ivl_58", 0 0, L_00000221b497fba0;  1 drivers
v00000221b497a340_0 .net *"_ivl_60", 0 0, L_00000221b497ef60;  1 drivers
v00000221b497a160_0 .net *"_ivl_62", 0 0, L_00000221b497f4a0;  1 drivers
v00000221b4979ee0_0 .net *"_ivl_64", 0 0, L_00000221b497f9e0;  1 drivers
v00000221b4979f80_0 .net *"_ivl_66", 0 0, L_00000221b497f820;  1 drivers
v00000221b4979b20_0 .net *"_ivl_68", 0 0, L_00000221b497f350;  1 drivers
v00000221b4978ea0_0 .net *"_ivl_70", 0 0, L_00000221b497f890;  1 drivers
v00000221b497a020_0 .net *"_ivl_72", 0 0, L_00000221b497f900;  1 drivers
v00000221b4979440_0 .net *"_ivl_74", 0 0, L_00000221b497f040;  1 drivers
v00000221b497a0c0_0 .net *"_ivl_78", 0 0, L_00000221b497fa50;  1 drivers
v00000221b497a200_0 .net *"_ivl_80", 0 0, L_00000221b497f200;  1 drivers
v00000221b49794e0_0 .net *"_ivl_82", 0 0, L_00000221b497f580;  1 drivers
v00000221b497a3e0_0 .net *"_ivl_84", 0 0, L_00000221b497f510;  1 drivers
v00000221b4979080_0 .net *"_ivl_86", 0 0, L_00000221b497fac0;  1 drivers
v00000221b497a480_0 .net *"_ivl_88", 0 0, L_00000221b497f5f0;  1 drivers
v00000221b497a5c0_0 .net *"_ivl_92", 0 0, L_00000221b497fb30;  1 drivers
v00000221b4979120_0 .net *"_ivl_94", 0 0, L_00000221b497f660;  1 drivers
v00000221b497aa20_0 .net *"_ivl_96", 0 0, L_00000221b497f270;  1 drivers
v00000221b497a520_0 .net *"_ivl_98", 0 0, L_00000221b497eda0;  1 drivers
v00000221b49791c0_0 .net "a", 0 0, L_00000221b4983ed0;  1 drivers
v00000221b4979620_0 .net "b", 0 0, L_00000221b4983610;  1 drivers
v00000221b4979760_0 .net "binary_input", 3 0, v00000221b497a840_0;  1 drivers
v00000221b49799e0_0 .net "c", 0 0, L_00000221b4980740;  1 drivers
v00000221b497aac0_0 .net "d", 0 0, L_00000221b49802e0;  1 drivers
v00000221b497a660_0 .net "display", 6 0, L_00000221b497c850;  alias, 1 drivers
v00000221b4979a80_0 .net "e", 0 0, L_00000221b497ee80;  1 drivers
v00000221b497a700_0 .net "f", 0 0, L_00000221b497f970;  1 drivers
v00000221b497a7a0_0 .net "g", 0 0, L_00000221b4916710;  1 drivers
L_00000221b497b130 .part v00000221b497a840_0, 0, 1;
L_00000221b497b630 .part v00000221b497a840_0, 1, 1;
L_00000221b497bc70 .part v00000221b497a840_0, 2, 1;
L_00000221b497c7b0 .part v00000221b497a840_0, 3, 1;
LS_00000221b497c850_0_0 .concat [ 1 1 1 1], L_00000221b4983ed0, L_00000221b4983610, L_00000221b4980740, L_00000221b49802e0;
LS_00000221b497c850_0_4 .concat [ 1 1 1 0], L_00000221b497ee80, L_00000221b497f970, L_00000221b4916710;
L_00000221b497c850 .concat [ 4 3 0 0], LS_00000221b497c850_0_0, LS_00000221b497c850_0_4;
    .scope S_00000221b491d490;
T_0 ;
    %pushi/vec4 2, 0, 4;
    %store/vec4 v00000221b497a840_0, 0, 4;
    %delay 10, 0;
    %vpi_call 2 45 "$display", "Input: %b, Display: %b", v00000221b497a840_0, v00000221b497a8e0_0 {0 0 0};
    %pushi/vec4 12, 0, 4;
    %store/vec4 v00000221b497a840_0, 0, 4;
    %delay 10, 0;
    %vpi_call 2 48 "$display", "Input: %b, Display: %b", v00000221b497a840_0, v00000221b497a8e0_0 {0 0 0};
    %pushi/vec4 0, 0, 4;
    %store/vec4 v00000221b497a840_0, 0, 4;
    %delay 10, 0;
    %vpi_call 2 51 "$display", "Input: %b, Display: %b", v00000221b497a840_0, v00000221b497a8e0_0 {0 0 0};
    %vpi_call 2 53 "$finish" {0 0 0};
    %end;
    .thread T_0;
# The file index is used to find the file name in the following table.
:file_names 3;
    "N/A";
    "<interactive>";
    "problema1.v";
