Analysis & Elaboration report for Buscaminas
Wed Oct 18 20:20:15 2023
Quartus Prime Version 22.1std.2 Build 922 07/20/2023 SC Lite Edition


---------------------
; Table of Contents ;
---------------------
  1. Legal Notice
  2. Analysis & Elaboration Summary
  3. Parallel Compilation
  4. Parameter Settings for User Entity Instance: vga_controller:vgaCont
  5. Analysis & Elaboration Settings
  6. Port Connectivity Checks: "generate_graphic:gen_grid|generate_rectangle:rectPlayer"
  7. Port Connectivity Checks: "generate_graphic:gen_grid|generate_rectangle:rectBGRight"
  8. Port Connectivity Checks: "generate_graphic:gen_grid|generate_rectangle:rectBGLeft"
  9. Port Connectivity Checks: "generate_graphic:gen_grid"
 10. Analysis & Elaboration Messages



----------------
; Legal Notice ;
----------------
Copyright (C) 2023  Intel Corporation. All rights reserved.
Your use of Intel Corporation's design tools, logic functions 
and other software and tools, and any partner logic 
functions, and any output files from any of the foregoing 
(including device programming or simulation files), and any 
associated documentation or information are expressly subject 
to the terms and conditions of the Intel Program License 
Subscription Agreement, the Intel Quartus Prime License Agreement,
the Intel FPGA IP License Agreement, or other applicable license
agreement, including, without limitation, that your use is for
the sole purpose of programming logic devices manufactured by
Intel and sold by Intel or its authorized distributors.  Please
refer to the applicable agreement for further details, at
https://fpgasoftware.intel.com/eula.



+--------------------------------------------------------------------------------+
; Analysis & Elaboration Summary                                                 ;
+-------------------------------+------------------------------------------------+
; Analysis & Elaboration Status ; Successful - Wed Oct 18 20:20:15 2023          ;
; Quartus Prime Version         ; 22.1std.2 Build 922 07/20/2023 SC Lite Edition ;
; Revision Name                 ; Buscaminas                                     ;
; Top-level Entity Name         ; TopModule                                      ;
; Family                        ; Cyclone V                                      ;
; Logic utilization (in ALMs)   ; N/A until Partition Merge                      ;
; Total registers               ; N/A until Partition Merge                      ;
; Total pins                    ; N/A until Partition Merge                      ;
; Total virtual pins            ; N/A until Partition Merge                      ;
; Total block memory bits       ; N/A until Partition Merge                      ;
; Total PLLs                    ; N/A until Partition Merge                      ;
; Total DLLs                    ; N/A until Partition Merge                      ;
+-------------------------------+------------------------------------------------+


+------------------------------------------+
; Parallel Compilation                     ;
+----------------------------+-------------+
; Processors                 ; Number      ;
+----------------------------+-------------+
; Number detected on machine ; 2           ;
; Maximum allowed            ; 2           ;
;                            ;             ;
; Average used               ; 1.00        ;
; Maximum used               ; 1           ;
;                            ;             ;
; Usage by Processor         ; % Time Used ;
;     Processor 1            ; 100.0%      ;
+----------------------------+-------------+


+---------------------------------------------------------------------+
; Parameter Settings for User Entity Instance: vga_controller:vgaCont ;
+----------------+------------+---------------------------------------+
; Parameter Name ; Value      ; Type                                  ;
+----------------+------------+---------------------------------------+
; HACTIVE        ; 1010000000 ; Unsigned Binary                       ;
; HFP            ; 0000010000 ; Unsigned Binary                       ;
; HSYN           ; 0001100000 ; Unsigned Binary                       ;
; HBP            ; 0000110000 ; Unsigned Binary                       ;
; HMAX           ; 1100100000 ; Unsigned Binary                       ;
; VBP            ; 0000100001 ; Unsigned Binary                       ;
; VACTIVE        ; 0111100000 ; Unsigned Binary                       ;
; VFP            ; 0000001010 ; Unsigned Binary                       ;
; VSYN           ; 0000000010 ; Unsigned Binary                       ;
; VMAX           ; 1000001101 ; Unsigned Binary                       ;
+----------------+------------+---------------------------------------+
Note: In order to hide this table in the UI and the text report file, please set the "Show Parameter Settings in Synthesis Report" option in "Analysis and Synthesis Settings -> More Settings" to "Off".


+---------------------------------------------------------------------------------------------------------------------------+
; Analysis & Elaboration Settings                                                                                           ;
+---------------------------------------------------------------------------------+--------------------+--------------------+
; Option                                                                          ; Setting            ; Default Value      ;
+---------------------------------------------------------------------------------+--------------------+--------------------+
; Device                                                                          ; 5CSEMA5F31C6       ;                    ;
; Top-level entity name                                                           ; TopModule          ; Buscaminas         ;
; Family name                                                                     ; Cyclone V          ; Cyclone V          ;
; Use smart compilation                                                           ; Off                ; Off                ;
; Enable parallel Assembler and Timing Analyzer during compilation                ; On                 ; On                 ;
; Enable compact report table                                                     ; Off                ; Off                ;
; Restructure Multiplexers                                                        ; Auto               ; Auto               ;
; MLAB Add Timing Constraints For Mixed-Port Feed-Through Mode Setting Don't Care ; Off                ; Off                ;
; Create Debugging Nodes for IP Cores                                             ; Off                ; Off                ;
; Preserve fewer node names                                                       ; On                 ; On                 ;
; Intel FPGA IP Evaluation Mode                                                   ; Enable             ; Enable             ;
; Verilog Version                                                                 ; Verilog_2001       ; Verilog_2001       ;
; VHDL Version                                                                    ; VHDL_1993          ; VHDL_1993          ;
; State Machine Processing                                                        ; Auto               ; Auto               ;
; Safe State Machine                                                              ; Off                ; Off                ;
; Extract Verilog State Machines                                                  ; On                 ; On                 ;
; Extract VHDL State Machines                                                     ; On                 ; On                 ;
; Ignore Verilog initial constructs                                               ; Off                ; Off                ;
; Iteration limit for constant Verilog loops                                      ; 5000               ; 5000               ;
; Iteration limit for non-constant Verilog loops                                  ; 250                ; 250                ;
; Add Pass-Through Logic to Inferred RAMs                                         ; On                 ; On                 ;
; Infer RAMs from Raw Logic                                                       ; On                 ; On                 ;
; Parallel Synthesis                                                              ; On                 ; On                 ;
; DSP Block Balancing                                                             ; Auto               ; Auto               ;
; NOT Gate Push-Back                                                              ; On                 ; On                 ;
; Power-Up Don't Care                                                             ; On                 ; On                 ;
; Remove Redundant Logic Cells                                                    ; Off                ; Off                ;
; Remove Duplicate Registers                                                      ; On                 ; On                 ;
; Ignore CARRY Buffers                                                            ; Off                ; Off                ;
; Ignore CASCADE Buffers                                                          ; Off                ; Off                ;
; Ignore GLOBAL Buffers                                                           ; Off                ; Off                ;
; Ignore ROW GLOBAL Buffers                                                       ; Off                ; Off                ;
; Ignore LCELL Buffers                                                            ; Off                ; Off                ;
; Ignore SOFT Buffers                                                             ; On                 ; On                 ;
; Limit AHDL Integers to 32 Bits                                                  ; Off                ; Off                ;
; Optimization Technique                                                          ; Balanced           ; Balanced           ;
; Carry Chain Length                                                              ; 70                 ; 70                 ;
; Auto Carry Chains                                                               ; On                 ; On                 ;
; Auto Open-Drain Pins                                                            ; On                 ; On                 ;
; Perform WYSIWYG Primitive Resynthesis                                           ; Off                ; Off                ;
; Auto ROM Replacement                                                            ; On                 ; On                 ;
; Auto RAM Replacement                                                            ; On                 ; On                 ;
; Auto DSP Block Replacement                                                      ; On                 ; On                 ;
; Auto Shift Register Replacement                                                 ; Auto               ; Auto               ;
; Allow Shift Register Merging across Hierarchies                                 ; Auto               ; Auto               ;
; Auto Clock Enable Replacement                                                   ; On                 ; On                 ;
; Strict RAM Replacement                                                          ; Off                ; Off                ;
; Allow Synchronous Control Signals                                               ; On                 ; On                 ;
; Force Use of Synchronous Clear Signals                                          ; Off                ; Off                ;
; Auto Resource Sharing                                                           ; Off                ; Off                ;
; Allow Any RAM Size For Recognition                                              ; Off                ; Off                ;
; Allow Any ROM Size For Recognition                                              ; Off                ; Off                ;
; Allow Any Shift Register Size For Recognition                                   ; Off                ; Off                ;
; Use LogicLock Constraints during Resource Balancing                             ; On                 ; On                 ;
; Ignore translate_off and synthesis_off directives                               ; Off                ; Off                ;
; Timing-Driven Synthesis                                                         ; On                 ; On                 ;
; Report Parameter Settings                                                       ; On                 ; On                 ;
; Report Source Assignments                                                       ; On                 ; On                 ;
; Report Connectivity Checks                                                      ; On                 ; On                 ;
; Ignore Maximum Fan-Out Assignments                                              ; Off                ; Off                ;
; Synchronization Register Chain Length                                           ; 3                  ; 3                  ;
; Power Optimization During Synthesis                                             ; Normal compilation ; Normal compilation ;
; HDL message level                                                               ; Level2             ; Level2             ;
; Suppress Register Optimization Related Messages                                 ; Off                ; Off                ;
; Number of Removed Registers Reported in Synthesis Report                        ; 5000               ; 5000               ;
; Number of Swept Nodes Reported in Synthesis Report                              ; 5000               ; 5000               ;
; Number of Inverted Registers Reported in Synthesis Report                       ; 100                ; 100                ;
; Clock MUX Protection                                                            ; On                 ; On                 ;
; Auto Gated Clock Conversion                                                     ; Off                ; Off                ;
; Block Design Naming                                                             ; Auto               ; Auto               ;
; SDC constraint protection                                                       ; Off                ; Off                ;
; Synthesis Effort                                                                ; Auto               ; Auto               ;
; Shift Register Replacement - Allow Asynchronous Clear Signal                    ; On                 ; On                 ;
; Pre-Mapping Resynthesis Optimization                                            ; Off                ; Off                ;
; Analysis & Synthesis Message Level                                              ; Medium             ; Medium             ;
; Disable Register Merging Across Hierarchies                                     ; Auto               ; Auto               ;
; Resource Aware Inference For Block RAM                                          ; On                 ; On                 ;
; Automatic Parallel Synthesis                                                    ; On                 ; On                 ;
; Partial Reconfiguration Bitstream ID                                            ; Off                ; Off                ;
+---------------------------------------------------------------------------------+--------------------+--------------------+


+-----------------------------------------------------------------------------------------------------------------------------------------------------------------------------------------------------------------+
; Port Connectivity Checks: "generate_graphic:gen_grid|generate_rectangle:rectPlayer"                                                                                                                             ;
+--------+-------+----------+-------------------------------------------------------------------------------------------------------------------------------------------------------------------------------------+
; Port   ; Type  ; Severity ; Details                                                                                                                                                                             ;
+--------+-------+----------+-------------------------------------------------------------------------------------------------------------------------------------------------------------------------------------+
; right  ; Input ; Warning  ; Input port expression (32 bits) is wider than the input port (10 bits) it drives.  The 22 most-significant bit(s) in the expression will be dangling if they have no other fanouts. ;
; bottom ; Input ; Warning  ; Input port expression (32 bits) is wider than the input port (10 bits) it drives.  The 22 most-significant bit(s) in the expression will be dangling if they have no other fanouts. ;
+--------+-------+----------+-------------------------------------------------------------------------------------------------------------------------------------------------------------------------------------+


+--------------------------------------------------------------------------------------+
; Port Connectivity Checks: "generate_graphic:gen_grid|generate_rectangle:rectBGRight" ;
+--------------+-------+----------+----------------------------------------------------+
; Port         ; Type  ; Severity ; Details                                            ;
+--------------+-------+----------+----------------------------------------------------+
; left[5..4]   ; Input ; Info     ; Stuck at VCC                                       ;
; left[8..6]   ; Input ; Info     ; Stuck at GND                                       ;
; left[3..0]   ; Input ; Info     ; Stuck at GND                                       ;
; left[9]      ; Input ; Info     ; Stuck at VCC                                       ;
; top          ; Input ; Info     ; Stuck at GND                                       ;
; right[6..0]  ; Input ; Info     ; Stuck at GND                                       ;
; right[9]     ; Input ; Info     ; Stuck at VCC                                       ;
; right[8]     ; Input ; Info     ; Stuck at GND                                       ;
; right[7]     ; Input ; Info     ; Stuck at VCC                                       ;
; bottom[8..5] ; Input ; Info     ; Stuck at VCC                                       ;
; bottom[4..0] ; Input ; Info     ; Stuck at GND                                       ;
; bottom[9]    ; Input ; Info     ; Stuck at GND                                       ;
+--------------+-------+----------+----------------------------------------------------+


+-------------------------------------------------------------------------------------+
; Port Connectivity Checks: "generate_graphic:gen_grid|generate_rectangle:rectBGLeft" ;
+--------------+-------+----------+---------------------------------------------------+
; Port         ; Type  ; Severity ; Details                                           ;
+--------------+-------+----------+---------------------------------------------------+
; left         ; Input ; Info     ; Stuck at GND                                      ;
; top          ; Input ; Info     ; Stuck at GND                                      ;
; right[9..7]  ; Input ; Info     ; Stuck at GND                                      ;
; right[3..0]  ; Input ; Info     ; Stuck at GND                                      ;
; right[6]     ; Input ; Info     ; Stuck at VCC                                      ;
; right[5]     ; Input ; Info     ; Stuck at GND                                      ;
; right[4]     ; Input ; Info     ; Stuck at VCC                                      ;
; bottom[8..5] ; Input ; Info     ; Stuck at VCC                                      ;
; bottom[4..0] ; Input ; Info     ; Stuck at GND                                      ;
; bottom[9]    ; Input ; Info     ; Stuck at GND                                      ;
+--------------+-------+----------+---------------------------------------------------+


+-------------------------------------------------------+
; Port Connectivity Checks: "generate_graphic:gen_grid" ;
+------+-------+----------+-----------------------------+
; Port ; Type  ; Severity ; Details                     ;
+------+-------+----------+-----------------------------+
; j[9] ; Input ; Info     ; Stuck at GND                ;
+------+-------+----------+-----------------------------+


+---------------------------------+
; Analysis & Elaboration Messages ;
+---------------------------------+
Info: *******************************************************************
Info: Running Quartus Prime Analysis & Elaboration
    Info: Version 22.1std.2 Build 922 07/20/2023 SC Lite Edition
    Info: Processing started: Wed Oct 18 20:19:47 2023
Info: Command: quartus_map --read_settings_files=on --write_settings_files=off Buscaminas -c Buscaminas --analysis_and_elaboration
Warning (18236): Number of processors has not been specified which may cause overloading on shared machines.  Set the global assignment NUM_PARALLEL_PROCESSORS in your QSF to an appropriate value for best performance.
Info (20030): Parallel compilation is enabled and will use 2 of the 2 processors detected
Info (12021): Found 1 design units, including 1 entities, in source file finitestatemachine.sv
    Info (12023): Found entity 1: FiniteStateMachine File: C:/Users/Bojtronic/Documents/TEC/Taller de digitales/Laboratorios/vsm_digital-design-lab-2023/Laboratorio 4/Buscaminas/FiniteStateMachine.sv Line: 1
Info (12021): Found 1 design units, including 1 entities, in source file topmodule.sv
    Info (12023): Found entity 1: TopModule File: C:/Users/Bojtronic/Documents/TEC/Taller de digitales/Laboratorios/vsm_digital-design-lab-2023/Laboratorio 4/Buscaminas/TopModule.sv Line: 1
Info (12021): Found 1 design units, including 1 entities, in source file comparator.sv
    Info (12023): Found entity 1: Comparator File: C:/Users/Bojtronic/Documents/TEC/Taller de digitales/Laboratorios/vsm_digital-design-lab-2023/Laboratorio 4/Buscaminas/Comparator.sv Line: 1
Info (12021): Found 1 design units, including 1 entities, in source file register.sv
    Info (12023): Found entity 1: Register File: C:/Users/Bojtronic/Documents/TEC/Taller de digitales/Laboratorios/vsm_digital-design-lab-2023/Laboratorio 4/Buscaminas/Register.sv Line: 1
Info (12021): Found 1 design units, including 1 entities, in source file registrocasillasmarcadas.sv
    Info (12023): Found entity 1: registroCasillasMarcadas File: C:/Users/Bojtronic/Documents/TEC/Taller de digitales/Laboratorios/vsm_digital-design-lab-2023/Laboratorio 4/Buscaminas/registroCasillasMarcadas.sv Line: 2
Info (12021): Found 1 design units, including 1 entities, in source file grid_controller.sv
    Info (12023): Found entity 1: grid_controller File: C:/Users/Bojtronic/Documents/TEC/Taller de digitales/Laboratorios/vsm_digital-design-lab-2023/Laboratorio 4/Buscaminas/grid_controller.sv Line: 1
Info (12021): Found 1 design units, including 1 entities, in source file pll.sv
    Info (12023): Found entity 1: pll File: C:/Users/Bojtronic/Documents/TEC/Taller de digitales/Laboratorios/vsm_digital-design-lab-2023/Laboratorio 4/Buscaminas/pll.sv Line: 1
Info (12021): Found 1 design units, including 1 entities, in source file vga_controller.sv
    Info (12023): Found entity 1: vga_controller File: C:/Users/Bojtronic/Documents/TEC/Taller de digitales/Laboratorios/vsm_digital-design-lab-2023/Laboratorio 4/Buscaminas/vga_controller.sv Line: 1
Info (12021): Found 1 design units, including 1 entities, in source file generate_rectangle.sv
    Info (12023): Found entity 1: generate_rectangle File: C:/Users/Bojtronic/Documents/TEC/Taller de digitales/Laboratorios/vsm_digital-design-lab-2023/Laboratorio 4/Buscaminas/generate_rectangle.sv Line: 1
Info (12021): Found 1 design units, including 1 entities, in source file generate_graphic.sv
    Info (12023): Found entity 1: generate_graphic File: C:/Users/Bojtronic/Documents/TEC/Taller de digitales/Laboratorios/vsm_digital-design-lab-2023/Laboratorio 4/Buscaminas/generate_graphic.sv Line: 1
Info (12021): Found 1 design units, including 1 entities, in source file display.sv
    Info (12023): Found entity 1: display File: C:/Users/Bojtronic/Documents/TEC/Taller de digitales/Laboratorios/vsm_digital-design-lab-2023/Laboratorio 4/Buscaminas/display.sv Line: 1
Warning (10236): Verilog HDL Implicit Net warning at TopModule.sv(35): created implicit net for "win" File: C:/Users/Bojtronic/Documents/TEC/Taller de digitales/Laboratorios/vsm_digital-design-lab-2023/Laboratorio 4/Buscaminas/TopModule.sv Line: 35
Info (12127): Elaborating entity "TopModule" for the top level hierarchy
Warning (10230): Verilog HDL assignment warning at TopModule.sv(23): truncated value with size 32 to match size of target (10) File: C:/Users/Bojtronic/Documents/TEC/Taller de digitales/Laboratorios/vsm_digital-design-lab-2023/Laboratorio 4/Buscaminas/TopModule.sv Line: 23
Warning (10230): Verilog HDL assignment warning at TopModule.sv(24): truncated value with size 32 to match size of target (10) File: C:/Users/Bojtronic/Documents/TEC/Taller de digitales/Laboratorios/vsm_digital-design-lab-2023/Laboratorio 4/Buscaminas/TopModule.sv Line: 24
Info (12128): Elaborating entity "pll" for hierarchy "pll:vga_pll" File: C:/Users/Bojtronic/Documents/TEC/Taller de digitales/Laboratorios/vsm_digital-design-lab-2023/Laboratorio 4/Buscaminas/TopModule.sv Line: 26
Info (12128): Elaborating entity "vga_controller" for hierarchy "vga_controller:vgaCont" File: C:/Users/Bojtronic/Documents/TEC/Taller de digitales/Laboratorios/vsm_digital-design-lab-2023/Laboratorio 4/Buscaminas/TopModule.sv Line: 29
Info (12128): Elaborating entity "FiniteStateMachine" for hierarchy "FiniteStateMachine:fsm" File: C:/Users/Bojtronic/Documents/TEC/Taller de digitales/Laboratorios/vsm_digital-design-lab-2023/Laboratorio 4/Buscaminas/TopModule.sv Line: 38
Info (12128): Elaborating entity "display" for hierarchy "display:display" File: C:/Users/Bojtronic/Documents/TEC/Taller de digitales/Laboratorios/vsm_digital-design-lab-2023/Laboratorio 4/Buscaminas/TopModule.sv Line: 43
Info (12128): Elaborating entity "generate_graphic" for hierarchy "generate_graphic:gen_grid" File: C:/Users/Bojtronic/Documents/TEC/Taller de digitales/Laboratorios/vsm_digital-design-lab-2023/Laboratorio 4/Buscaminas/TopModule.sv Line: 46
Warning (10230): Verilog HDL assignment warning at generate_graphic.sv(26): truncated value with size 32 to match size of target (1) File: C:/Users/Bojtronic/Documents/TEC/Taller de digitales/Laboratorios/vsm_digital-design-lab-2023/Laboratorio 4/Buscaminas/generate_graphic.sv Line: 26
Warning (10230): Verilog HDL assignment warning at generate_graphic.sv(27): truncated value with size 32 to match size of target (1) File: C:/Users/Bojtronic/Documents/TEC/Taller de digitales/Laboratorios/vsm_digital-design-lab-2023/Laboratorio 4/Buscaminas/generate_graphic.sv Line: 27
Warning (10230): Verilog HDL assignment warning at generate_graphic.sv(28): truncated value with size 32 to match size of target (1) File: C:/Users/Bojtronic/Documents/TEC/Taller de digitales/Laboratorios/vsm_digital-design-lab-2023/Laboratorio 4/Buscaminas/generate_graphic.sv Line: 28
Warning (10230): Verilog HDL assignment warning at generate_graphic.sv(29): truncated value with size 32 to match size of target (1) File: C:/Users/Bojtronic/Documents/TEC/Taller de digitales/Laboratorios/vsm_digital-design-lab-2023/Laboratorio 4/Buscaminas/generate_graphic.sv Line: 29
Info (12128): Elaborating entity "generate_rectangle" for hierarchy "generate_graphic:gen_grid|generate_rectangle:rectBGLeft" File: C:/Users/Bojtronic/Documents/TEC/Taller de digitales/Laboratorios/vsm_digital-design-lab-2023/Laboratorio 4/Buscaminas/generate_graphic.sv Line: 18
Warning (12241): 1 hierarchies have connectivity warnings - see the Connectivity Checks report folder
Info: Quartus Prime Analysis & Elaboration was successful. 0 errors, 9 warnings
    Info: Peak virtual memory: 4780 megabytes
    Info: Processing ended: Wed Oct 18 20:20:15 2023
    Info: Elapsed time: 00:00:28
    Info: Total CPU time (on all processors): 00:00:41


