Flow report for Problema_1
Wed Sep 13 10:00:34 2023
Quartus Prime Version 22.1std.1 Build 917 02/14/2023 SC Lite Edition


---------------------
; Table of Contents ;
---------------------
  1. Legal Notice
  2. Flow Summary
  3. Flow Settings
  4. Flow Non-Default Global Settings
  5. Flow Elapsed Time
  6. Flow OS Summary
  7. Flow Log
  8. Flow Messages
  9. Flow Suppressed Messages



----------------
; Legal Notice ;
----------------
Copyright (C) 2023  Intel Corporation. All rights reserved.
Your use of Intel Corporation's design tools, logic functions 
and other software and tools, and any partner logic 
functions, and any output files from any of the foregoing 
(including device programming or simulation files), and any 
associated documentation or information are expressly subject 
to the terms and conditions of the Intel Program License 
Subscription Agreement, the Intel Quartus Prime License Agreement,
the Intel FPGA IP License Agreement, or other applicable license
agreement, including, without limitation, that your use is for
the sole purpose of programming logic devices manufactured by
Intel and sold by Intel or its authorized distributors.  Please
refer to the applicable agreement for further details, at
https://fpgasoftware.intel.com/eula.



+----------------------------------------------------------------------------------+
; Flow Summary                                                                     ;
+---------------------------------+------------------------------------------------+
; Flow Status                     ; Successful - Wed Sep 13 10:00:34 2023          ;
; Quartus Prime Version           ; 22.1std.1 Build 917 02/14/2023 SC Lite Edition ;
; Revision Name                   ; Problema_1                                     ;
; Top-level Entity Name           ; TopModule                                      ;
; Family                          ; Cyclone V                                      ;
; Device                          ; 5CSEMA5F31C6                                   ;
; Timing Models                   ; Final                                          ;
; Logic utilization (in ALMs)     ; 65 / 32,070 ( < 1 % )                          ;
; Total registers                 ; 0                                              ;
; Total pins                      ; 29 / 457 ( 6 % )                               ;
; Total virtual pins              ; 0                                              ;
; Total block memory bits         ; 0 / 4,065,280 ( 0 % )                          ;
; Total DSP Blocks                ; 1 / 87 ( 1 % )                                 ;
; Total HSSI RX PCSs              ; 0                                              ;
; Total HSSI PMA RX Deserializers ; 0                                              ;
; Total HSSI TX PCSs              ; 0                                              ;
; Total HSSI PMA TX Serializers   ; 0                                              ;
; Total PLLs                      ; 0 / 6 ( 0 % )                                  ;
; Total DLLs                      ; 0 / 4 ( 0 % )                                  ;
+---------------------------------+------------------------------------------------+


+-----------------------------------------+
; Flow Settings                           ;
+-------------------+---------------------+
; Option            ; Setting             ;
+-------------------+---------------------+
; Start date & time ; 09/13/2023 09:59:04 ;
; Main task         ; Compilation         ;
; Revision Name     ; Problema_1          ;
+-------------------+---------------------+


+-------------------------------------------------------------------------------------------------------------------------------------------------+
; Flow Non-Default Global Settings                                                                                                                ;
+--------------------------------------+----------------------------------------+---------------+-------------+-----------------------------------+
; Assignment Name                      ; Value                                  ; Default Value ; Entity Name ; Section Id                        ;
+--------------------------------------+----------------------------------------+---------------+-------------+-----------------------------------+
; COMPILER_SIGNATURE_ID                ; 91763578605.169462434431240            ; --            ; --          ; --                                ;
; EDA_DESIGN_INSTANCE_NAME             ; NA                                     ; --            ; --          ; multiplicacion_tb                 ;
; EDA_DESIGN_INSTANCE_NAME             ; NA                                     ; --            ; --          ; and_gate_tb                       ;
; EDA_DESIGN_INSTANCE_NAME             ; NA                                     ; --            ; --          ; resta_tb                          ;
; EDA_DESIGN_INSTANCE_NAME             ; NA                                     ; --            ; --          ; shiftRight_tb                     ;
; EDA_DESIGN_INSTANCE_NAME             ; NA                                     ; --            ; --          ; shiftLeft_tb                      ;
; EDA_DESIGN_INSTANCE_NAME             ; NA                                     ; --            ; --          ; or_gate_tb                        ;
; EDA_DESIGN_INSTANCE_NAME             ; NA                                     ; --            ; --          ; TopModule_tb                      ;
; EDA_DESIGN_INSTANCE_NAME             ; NA                                     ; --            ; --          ; modulo_tb                         ;
; EDA_DESIGN_INSTANCE_NAME             ; NA                                     ; --            ; --          ; xor_gate_tb                       ;
; EDA_DESIGN_INSTANCE_NAME             ; NA                                     ; --            ; --          ; division_tb                       ;
; EDA_DESIGN_INSTANCE_NAME             ; NA                                     ; --            ; --          ; suma_tb                           ;
; EDA_GENERATE_FUNCTIONAL_NETLIST      ; Off                                    ; --            ; --          ; eda_board_design_timing           ;
; EDA_GENERATE_FUNCTIONAL_NETLIST      ; Off                                    ; --            ; --          ; eda_board_design_boundary_scan    ;
; EDA_GENERATE_FUNCTIONAL_NETLIST      ; Off                                    ; --            ; --          ; eda_board_design_signal_integrity ;
; EDA_GENERATE_FUNCTIONAL_NETLIST      ; Off                                    ; --            ; --          ; eda_board_design_symbol           ;
; EDA_NATIVELINK_SIMULATION_TEST_BENCH ; TopModule_tb                           ; --            ; --          ; eda_simulation                    ;
; EDA_OUTPUT_DATA_FORMAT               ; Systemverilog Hdl                      ; --            ; --          ; eda_simulation                    ;
; EDA_SIMULATION_TOOL                  ; ModelSim (SystemVerilog)               ; <None>        ; --          ; --                                ;
; EDA_TEST_BENCH_ENABLE_STATUS         ; TEST_BENCH_MODE                        ; --            ; --          ; eda_simulation                    ;
; EDA_TEST_BENCH_FILE                  ; multiplicacion_tb.sv                   ; --            ; --          ; multiplicacion_tb                 ;
; EDA_TEST_BENCH_FILE                  ; and_gate_tb.sv                         ; --            ; --          ; and_gate_tb                       ;
; EDA_TEST_BENCH_FILE                  ; resta_tb.sv                            ; --            ; --          ; resta_tb                          ;
; EDA_TEST_BENCH_FILE                  ; shiftRight_tb.sv                       ; --            ; --          ; shiftRight_tb                     ;
; EDA_TEST_BENCH_FILE                  ; shiftLeft_tb.sv                        ; --            ; --          ; shiftLeft_tb                      ;
; EDA_TEST_BENCH_FILE                  ; or_gate_tb.sv                          ; --            ; --          ; or_gate_tb                        ;
; EDA_TEST_BENCH_FILE                  ; TopModule_tb.sv                        ; --            ; --          ; TopModule_tb                      ;
; EDA_TEST_BENCH_FILE                  ; modulo_tb.sv                           ; --            ; --          ; modulo_tb                         ;
; EDA_TEST_BENCH_FILE                  ; xor_gate_tb.sv                         ; --            ; --          ; xor_gate_tb                       ;
; EDA_TEST_BENCH_FILE                  ; division_tb.sv                         ; --            ; --          ; division_tb                       ;
; EDA_TEST_BENCH_FILE                  ; suma_tb.sv                             ; --            ; --          ; suma_tb                           ;
; EDA_TEST_BENCH_MODULE_NAME           ; multiplicacion_tb                      ; --            ; --          ; multiplicacion_tb                 ;
; EDA_TEST_BENCH_MODULE_NAME           ; and_gate_tb                            ; --            ; --          ; and_gate_tb                       ;
; EDA_TEST_BENCH_MODULE_NAME           ; resta_tb                               ; --            ; --          ; resta_tb                          ;
; EDA_TEST_BENCH_MODULE_NAME           ; shiftRight_tb                          ; --            ; --          ; shiftRight_tb                     ;
; EDA_TEST_BENCH_MODULE_NAME           ; shiftLeft_tb                           ; --            ; --          ; shiftLeft_tb                      ;
; EDA_TEST_BENCH_MODULE_NAME           ; or_gate_tb                             ; --            ; --          ; or_gate_tb                        ;
; EDA_TEST_BENCH_MODULE_NAME           ; TopModule_tb                           ; --            ; --          ; TopModule_tb                      ;
; EDA_TEST_BENCH_MODULE_NAME           ; modulo_tb                              ; --            ; --          ; modulo_tb                         ;
; EDA_TEST_BENCH_MODULE_NAME           ; xor_gate_tb                            ; --            ; --          ; xor_gate_tb                       ;
; EDA_TEST_BENCH_MODULE_NAME           ; division_tb                            ; --            ; --          ; division_tb                       ;
; EDA_TEST_BENCH_MODULE_NAME           ; suma_tb                                ; --            ; --          ; suma_tb                           ;
; EDA_TEST_BENCH_NAME                  ; TopModule_tb                           ; --            ; --          ; eda_simulation                    ;
; EDA_TEST_BENCH_NAME                  ; suma_tb                                ; --            ; --          ; eda_simulation                    ;
; EDA_TEST_BENCH_NAME                  ; resta_tb                               ; --            ; --          ; eda_simulation                    ;
; EDA_TEST_BENCH_NAME                  ; and_gate_tb                            ; --            ; --          ; eda_simulation                    ;
; EDA_TEST_BENCH_NAME                  ; multiplicacion_tb                      ; --            ; --          ; eda_simulation                    ;
; EDA_TEST_BENCH_NAME                  ; division_tb                            ; --            ; --          ; eda_simulation                    ;
; EDA_TEST_BENCH_NAME                  ; modulo_tb                              ; --            ; --          ; eda_simulation                    ;
; EDA_TEST_BENCH_NAME                  ; or_gate_tb                             ; --            ; --          ; eda_simulation                    ;
; EDA_TEST_BENCH_NAME                  ; xor_gate_tb                            ; --            ; --          ; eda_simulation                    ;
; EDA_TEST_BENCH_NAME                  ; shiftLeft_tb                           ; --            ; --          ; eda_simulation                    ;
; EDA_TEST_BENCH_NAME                  ; shiftRight_tb                          ; --            ; --          ; eda_simulation                    ;
; EDA_TIME_SCALE                       ; 1 ps                                   ; --            ; --          ; eda_simulation                    ;
; MAX_CORE_JUNCTION_TEMP               ; 85                                     ; --            ; --          ; --                                ;
; MIN_CORE_JUNCTION_TEMP               ; 0                                      ; --            ; --          ; --                                ;
; PARTITION_COLOR                      ; -- (Not supported for targeted family) ; --            ; TopModule   ; Top                               ;
; PARTITION_FITTER_PRESERVATION_LEVEL  ; -- (Not supported for targeted family) ; --            ; TopModule   ; Top                               ;
; PARTITION_NETLIST_TYPE               ; -- (Not supported for targeted family) ; --            ; TopModule   ; Top                               ;
; POWER_BOARD_THERMAL_MODEL            ; None (CONSERVATIVE)                    ; --            ; --          ; --                                ;
; POWER_PRESET_COOLING_SOLUTION        ; 23 MM HEAT SINK WITH 200 LFPM AIRFLOW  ; --            ; --          ; --                                ;
; PROJECT_OUTPUT_DIRECTORY             ; output_files                           ; --            ; --          ; --                                ;
; TOP_LEVEL_ENTITY                     ; TopModule                              ; Problema_1    ; --          ; --                                ;
+--------------------------------------+----------------------------------------+---------------+-------------+-----------------------------------+


+--------------------------------------------------------------------------------------------------------------------------+
; Flow Elapsed Time                                                                                                        ;
+----------------------+--------------+-------------------------+---------------------+------------------------------------+
; Module Name          ; Elapsed Time ; Average Processors Used ; Peak Virtual Memory ; Total CPU Time (on all processors) ;
+----------------------+--------------+-------------------------+---------------------+------------------------------------+
; Analysis & Synthesis ; 00:00:10     ; 1.0                     ; 4869 MB             ; 00:00:23                           ;
; Fitter               ; 00:01:03     ; 1.0                     ; 6935 MB             ; 00:03:15                           ;
; Assembler            ; 00:00:06     ; 1.0                     ; 4882 MB             ; 00:00:06                           ;
; Timing Analyzer      ; 00:00:05     ; 1.2                     ; 5192 MB             ; 00:00:05                           ;
; EDA Netlist Writer   ; 00:00:01     ; 1.0                     ; 4727 MB             ; 00:00:01                           ;
; Total                ; 00:01:25     ; --                      ; --                  ; 00:03:50                           ;
+----------------------+--------------+-------------------------+---------------------+------------------------------------+


+------------------------------------------------------------------------------------+
; Flow OS Summary                                                                    ;
+----------------------+------------------+------------+------------+----------------+
; Module Name          ; Machine Hostname ; OS Name    ; OS Version ; Processor type ;
+----------------------+------------------+------------+------------+----------------+
; Analysis & Synthesis ; LAPTOP-K404SFJS  ; Windows 10 ; 10.0       ; x86_64         ;
; Fitter               ; LAPTOP-K404SFJS  ; Windows 10 ; 10.0       ; x86_64         ;
; Assembler            ; LAPTOP-K404SFJS  ; Windows 10 ; 10.0       ; x86_64         ;
; Timing Analyzer      ; LAPTOP-K404SFJS  ; Windows 10 ; 10.0       ; x86_64         ;
; EDA Netlist Writer   ; LAPTOP-K404SFJS  ; Windows 10 ; 10.0       ; x86_64         ;
+----------------------+------------------+------------+------------+----------------+


------------
; Flow Log ;
------------
quartus_map --read_settings_files=on --write_settings_files=off Problema_1 -c Problema_1
quartus_fit --read_settings_files=off --write_settings_files=off Problema_1 -c Problema_1
quartus_asm --read_settings_files=off --write_settings_files=off Problema_1 -c Problema_1
quartus_sta Problema_1 -c Problema_1
quartus_eda --read_settings_files=off --write_settings_files=off Problema_1 -c Problema_1



