Analysis & Synthesis report for Problema_1
Wed Sep 13 13:08:36 2023
Quartus Prime Version 22.1std.2 Build 922 07/20/2023 SC Lite Edition


---------------------
; Table of Contents ;
---------------------
  1. Legal Notice
  2. Analysis & Synthesis Summary
  3. Analysis & Synthesis Settings
  4. Parallel Compilation
  5. Analysis & Synthesis Source Files Read
  6. Analysis & Synthesis Resource Usage Summary
  7. Analysis & Synthesis Resource Utilization by Entity
  8. Analysis & Synthesis DSP Block Usage Summary
  9. General Register Statistics
 10. Parameter Settings for User Entity Instance: Top-level Entity: |TopModule
 11. Parameter Settings for User Entity Instance: multiplicacion:mult
 12. Parameter Settings for User Entity Instance: division:div
 13. Parameter Settings for User Entity Instance: modulo:mod
 14. Parameter Settings for User Entity Instance: and_gate:and_gate
 15. Parameter Settings for User Entity Instance: or_gate:or_gate
 16. Parameter Settings for User Entity Instance: xor_gate:xor_gate
 17. Parameter Settings for User Entity Instance: shiftLeft:shl
 18. Parameter Settings for User Entity Instance: shiftRight:shr
 19. Parameter Settings for Inferred Entity Instance: division:div|lpm_divide:Div0
 20. Parameter Settings for Inferred Entity Instance: modulo:mod|lpm_divide:Mod0
 21. Port Connectivity Checks: "or_gate:or_gate"
 22. Port Connectivity Checks: "and_gate:and_gate"
 23. Port Connectivity Checks: "multiplicacion:mult"
 24. Port Connectivity Checks: "suma:generate_restas[0].sub"
 25. Port Connectivity Checks: "suma:generate_sumas[0].add"
 26. Post-Synthesis Netlist Statistics for Top Partition
 27. Elapsed Time Per Partition
 28. Analysis & Synthesis Messages



----------------
; Legal Notice ;
----------------
Copyright (C) 2023  Intel Corporation. All rights reserved.
Your use of Intel Corporation's design tools, logic functions 
and other software and tools, and any partner logic 
functions, and any output files from any of the foregoing 
(including device programming or simulation files), and any 
associated documentation or information are expressly subject 
to the terms and conditions of the Intel Program License 
Subscription Agreement, the Intel Quartus Prime License Agreement,
the Intel FPGA IP License Agreement, or other applicable license
agreement, including, without limitation, that your use is for
the sole purpose of programming logic devices manufactured by
Intel and sold by Intel or its authorized distributors.  Please
refer to the applicable agreement for further details, at
https://fpgasoftware.intel.com/eula.



+----------------------------------------------------------------------------------+
; Analysis & Synthesis Summary                                                     ;
+---------------------------------+------------------------------------------------+
; Analysis & Synthesis Status     ; Successful - Wed Sep 13 13:08:36 2023          ;
; Quartus Prime Version           ; 22.1std.2 Build 922 07/20/2023 SC Lite Edition ;
; Revision Name                   ; Problema_1                                     ;
; Top-level Entity Name           ; TopModule                                      ;
; Family                          ; Cyclone V                                      ;
; Logic utilization (in ALMs)     ; N/A                                            ;
; Total registers                 ; 0                                              ;
; Total pins                      ; 27                                             ;
; Total virtual pins              ; 0                                              ;
; Total block memory bits         ; 0                                              ;
; Total DSP Blocks                ; 1                                              ;
; Total HSSI RX PCSs              ; 0                                              ;
; Total HSSI PMA RX Deserializers ; 0                                              ;
; Total HSSI TX PCSs              ; 0                                              ;
; Total HSSI PMA TX Serializers   ; 0                                              ;
; Total PLLs                      ; 0                                              ;
; Total DLLs                      ; 0                                              ;
+---------------------------------+------------------------------------------------+


+---------------------------------------------------------------------------------------------------------------------------+
; Analysis & Synthesis Settings                                                                                             ;
+---------------------------------------------------------------------------------+--------------------+--------------------+
; Option                                                                          ; Setting            ; Default Value      ;
+---------------------------------------------------------------------------------+--------------------+--------------------+
; Device                                                                          ; 5CSEMA5F31C6       ;                    ;
; Top-level entity name                                                           ; TopModule          ; Problema_1         ;
; Family name                                                                     ; Cyclone V          ; Cyclone V          ;
; Use smart compilation                                                           ; Off                ; Off                ;
; Enable parallel Assembler and Timing Analyzer during compilation                ; On                 ; On                 ;
; Enable compact report table                                                     ; Off                ; Off                ;
; Restructure Multiplexers                                                        ; Auto               ; Auto               ;
; MLAB Add Timing Constraints For Mixed-Port Feed-Through Mode Setting Don't Care ; Off                ; Off                ;
; Create Debugging Nodes for IP Cores                                             ; Off                ; Off                ;
; Preserve fewer node names                                                       ; On                 ; On                 ;
; Intel FPGA IP Evaluation Mode                                                   ; Enable             ; Enable             ;
; Verilog Version                                                                 ; Verilog_2001       ; Verilog_2001       ;
; VHDL Version                                                                    ; VHDL_1993          ; VHDL_1993          ;
; State Machine Processing                                                        ; Auto               ; Auto               ;
; Safe State Machine                                                              ; Off                ; Off                ;
; Extract Verilog State Machines                                                  ; On                 ; On                 ;
; Extract VHDL State Machines                                                     ; On                 ; On                 ;
; Ignore Verilog initial constructs                                               ; Off                ; Off                ;
; Iteration limit for constant Verilog loops                                      ; 5000               ; 5000               ;
; Iteration limit for non-constant Verilog loops                                  ; 250                ; 250                ;
; Add Pass-Through Logic to Inferred RAMs                                         ; On                 ; On                 ;
; Infer RAMs from Raw Logic                                                       ; On                 ; On                 ;
; Parallel Synthesis                                                              ; On                 ; On                 ;
; DSP Block Balancing                                                             ; Auto               ; Auto               ;
; NOT Gate Push-Back                                                              ; On                 ; On                 ;
; Power-Up Don't Care                                                             ; On                 ; On                 ;
; Remove Redundant Logic Cells                                                    ; Off                ; Off                ;
; Remove Duplicate Registers                                                      ; On                 ; On                 ;
; Ignore CARRY Buffers                                                            ; Off                ; Off                ;
; Ignore CASCADE Buffers                                                          ; Off                ; Off                ;
; Ignore GLOBAL Buffers                                                           ; Off                ; Off                ;
; Ignore ROW GLOBAL Buffers                                                       ; Off                ; Off                ;
; Ignore LCELL Buffers                                                            ; Off                ; Off                ;
; Ignore SOFT Buffers                                                             ; On                 ; On                 ;
; Limit AHDL Integers to 32 Bits                                                  ; Off                ; Off                ;
; Optimization Technique                                                          ; Balanced           ; Balanced           ;
; Carry Chain Length                                                              ; 70                 ; 70                 ;
; Auto Carry Chains                                                               ; On                 ; On                 ;
; Auto Open-Drain Pins                                                            ; On                 ; On                 ;
; Perform WYSIWYG Primitive Resynthesis                                           ; Off                ; Off                ;
; Auto ROM Replacement                                                            ; On                 ; On                 ;
; Auto RAM Replacement                                                            ; On                 ; On                 ;
; Auto DSP Block Replacement                                                      ; On                 ; On                 ;
; Auto Shift Register Replacement                                                 ; Auto               ; Auto               ;
; Allow Shift Register Merging across Hierarchies                                 ; Auto               ; Auto               ;
; Auto Clock Enable Replacement                                                   ; On                 ; On                 ;
; Strict RAM Replacement                                                          ; Off                ; Off                ;
; Allow Synchronous Control Signals                                               ; On                 ; On                 ;
; Force Use of Synchronous Clear Signals                                          ; Off                ; Off                ;
; Auto Resource Sharing                                                           ; Off                ; Off                ;
; Allow Any RAM Size For Recognition                                              ; Off                ; Off                ;
; Allow Any ROM Size For Recognition                                              ; Off                ; Off                ;
; Allow Any Shift Register Size For Recognition                                   ; Off                ; Off                ;
; Use LogicLock Constraints during Resource Balancing                             ; On                 ; On                 ;
; Ignore translate_off and synthesis_off directives                               ; Off                ; Off                ;
; Timing-Driven Synthesis                                                         ; On                 ; On                 ;
; Report Parameter Settings                                                       ; On                 ; On                 ;
; Report Source Assignments                                                       ; On                 ; On                 ;
; Report Connectivity Checks                                                      ; On                 ; On                 ;
; Ignore Maximum Fan-Out Assignments                                              ; Off                ; Off                ;
; Synchronization Register Chain Length                                           ; 3                  ; 3                  ;
; Power Optimization During Synthesis                                             ; Normal compilation ; Normal compilation ;
; HDL message level                                                               ; Level2             ; Level2             ;
; Suppress Register Optimization Related Messages                                 ; Off                ; Off                ;
; Number of Removed Registers Reported in Synthesis Report                        ; 5000               ; 5000               ;
; Number of Swept Nodes Reported in Synthesis Report                              ; 5000               ; 5000               ;
; Number of Inverted Registers Reported in Synthesis Report                       ; 100                ; 100                ;
; Clock MUX Protection                                                            ; On                 ; On                 ;
; Auto Gated Clock Conversion                                                     ; Off                ; Off                ;
; Block Design Naming                                                             ; Auto               ; Auto               ;
; SDC constraint protection                                                       ; Off                ; Off                ;
; Synthesis Effort                                                                ; Auto               ; Auto               ;
; Shift Register Replacement - Allow Asynchronous Clear Signal                    ; On                 ; On                 ;
; Pre-Mapping Resynthesis Optimization                                            ; Off                ; Off                ;
; Analysis & Synthesis Message Level                                              ; Medium             ; Medium             ;
; Disable Register Merging Across Hierarchies                                     ; Auto               ; Auto               ;
; Resource Aware Inference For Block RAM                                          ; On                 ; On                 ;
; Automatic Parallel Synthesis                                                    ; On                 ; On                 ;
; Partial Reconfiguration Bitstream ID                                            ; Off                ; Off                ;
+---------------------------------------------------------------------------------+--------------------+--------------------+


+------------------------------------------+
; Parallel Compilation                     ;
+----------------------------+-------------+
; Processors                 ; Number      ;
+----------------------------+-------------+
; Number detected on machine ; 2           ;
; Maximum allowed            ; 2           ;
;                            ;             ;
; Average used               ; 1.00        ;
; Maximum used               ; 1           ;
;                            ;             ;
; Usage by Processor         ; % Time Used ;
;     Processor 1            ; 100.0%      ;
+----------------------------+-------------+


+-----------------------------------------------------------------------------------------------------------------------------------------------------------------------------+
; Analysis & Synthesis Source Files Read                                                                                                                                      ;
+----------------------------------+-----------------+------------------------------+-------------------------------------------------------------------------------+---------+
; File Name with User-Entered Path ; Used in Netlist ; File Type                    ; File Name with Absolute Path                                                  ; Library ;
+----------------------------------+-----------------+------------------------------+-------------------------------------------------------------------------------+---------+
; suma.sv                          ; yes             ; User SystemVerilog HDL File  ; C:/Users/Bojtronic/Desktop/ALU_FPGA/suma.sv                                   ;         ;
; and_gate.sv                      ; yes             ; User SystemVerilog HDL File  ; C:/Users/Bojtronic/Desktop/ALU_FPGA/and_gate.sv                               ;         ;
; multiplicacion.sv                ; yes             ; User SystemVerilog HDL File  ; C:/Users/Bojtronic/Desktop/ALU_FPGA/multiplicacion.sv                         ;         ;
; division.sv                      ; yes             ; User SystemVerilog HDL File  ; C:/Users/Bojtronic/Desktop/ALU_FPGA/division.sv                               ;         ;
; modulo.sv                        ; yes             ; User SystemVerilog HDL File  ; C:/Users/Bojtronic/Desktop/ALU_FPGA/modulo.sv                                 ;         ;
; or_gate.sv                       ; yes             ; User SystemVerilog HDL File  ; C:/Users/Bojtronic/Desktop/ALU_FPGA/or_gate.sv                                ;         ;
; xor_gate.sv                      ; yes             ; User SystemVerilog HDL File  ; C:/Users/Bojtronic/Desktop/ALU_FPGA/xor_gate.sv                               ;         ;
; shiftLeft.sv                     ; yes             ; User SystemVerilog HDL File  ; C:/Users/Bojtronic/Desktop/ALU_FPGA/shiftLeft.sv                              ;         ;
; shiftRight.sv                    ; yes             ; User SystemVerilog HDL File  ; C:/Users/Bojtronic/Desktop/ALU_FPGA/shiftRight.sv                             ;         ;
; TopModule.sv                     ; yes             ; User SystemVerilog HDL File  ; C:/Users/Bojtronic/Desktop/ALU_FPGA/TopModule.sv                              ;         ;
; lpm_divide.tdf                   ; yes             ; Megafunction                 ; c:/intelfpga_lite/22.1std/quartus/libraries/megafunctions/lpm_divide.tdf      ;         ;
; abs_divider.inc                  ; yes             ; Megafunction                 ; c:/intelfpga_lite/22.1std/quartus/libraries/megafunctions/abs_divider.inc     ;         ;
; sign_div_unsign.inc              ; yes             ; Megafunction                 ; c:/intelfpga_lite/22.1std/quartus/libraries/megafunctions/sign_div_unsign.inc ;         ;
; aglobal221.inc                   ; yes             ; Megafunction                 ; c:/intelfpga_lite/22.1std/quartus/libraries/megafunctions/aglobal221.inc      ;         ;
; db/lpm_divide_1am.tdf            ; yes             ; Auto-Generated Megafunction  ; C:/Users/Bojtronic/Desktop/ALU_FPGA/db/lpm_divide_1am.tdf                     ;         ;
; db/sign_div_unsign_7kh.tdf       ; yes             ; Auto-Generated Megafunction  ; C:/Users/Bojtronic/Desktop/ALU_FPGA/db/sign_div_unsign_7kh.tdf                ;         ;
; db/alt_u_div_kse.tdf             ; yes             ; Auto-Generated Megafunction  ; C:/Users/Bojtronic/Desktop/ALU_FPGA/db/alt_u_div_kse.tdf                      ;         ;
; db/lpm_divide_42m.tdf            ; yes             ; Auto-Generated Megafunction  ; C:/Users/Bojtronic/Desktop/ALU_FPGA/db/lpm_divide_42m.tdf                     ;         ;
+----------------------------------+-----------------+------------------------------+-------------------------------------------------------------------------------+---------+


+----------------------------------------------------------+
; Analysis & Synthesis Resource Usage Summary              ;
+---------------------------------------------+------------+
; Resource                                    ; Usage      ;
+---------------------------------------------+------------+
; Estimate of Logic utilization (ALMs needed) ; 61         ;
;                                             ;            ;
; Combinational ALUT usage for logic          ; 105        ;
;     -- 7 input functions                    ; 5          ;
;     -- 6 input functions                    ; 11         ;
;     -- 5 input functions                    ; 25         ;
;     -- 4 input functions                    ; 30         ;
;     -- <=3 input functions                  ; 34         ;
;                                             ;            ;
; Dedicated logic registers                   ; 0          ;
;                                             ;            ;
; I/O pins                                    ; 27         ;
;                                             ;            ;
; Total DSP Blocks                            ; 1          ;
;                                             ;            ;
; Maximum fan-out node                        ; b[3]~input ;
; Maximum fan-out                             ; 30         ;
; Total fan-out                               ; 474        ;
; Average fan-out                             ; 2.96       ;
+---------------------------------------------+------------+


+-------------------------------------------------------------------------------------------------------------------------------------------------------------------------------------------------------------------------------------------------------------------------------------------------------------------+
; Analysis & Synthesis Resource Utilization by Entity                                                                                                                                                                                                                                                               ;
+-------------------------------------------+---------------------+---------------------------+-------------------+------------+------+--------------+-------------------------------------------------------------------------------------------------------------------------+---------------------+--------------+
; Compilation Hierarchy Node                ; Combinational ALUTs ; Dedicated Logic Registers ; Block Memory Bits ; DSP Blocks ; Pins ; Virtual Pins ; Full Hierarchy Name                                                                                                     ; Entity Name         ; Library Name ;
+-------------------------------------------+---------------------+---------------------------+-------------------+------------+------+--------------+-------------------------------------------------------------------------------------------------------------------------+---------------------+--------------+
; |TopModule                                ; 105 (47)            ; 0 (0)                     ; 0                 ; 1          ; 27   ; 0            ; |TopModule                                                                                                              ; TopModule           ; work         ;
;    |division:div|                         ; 26 (4)              ; 0 (0)                     ; 0                 ; 0          ; 0    ; 0            ; |TopModule|division:div                                                                                                 ; division            ; work         ;
;       |lpm_divide:Div0|                   ; 22 (0)              ; 0 (0)                     ; 0                 ; 0          ; 0    ; 0            ; |TopModule|division:div|lpm_divide:Div0                                                                                 ; lpm_divide          ; work         ;
;          |lpm_divide_1am:auto_generated|  ; 22 (0)              ; 0 (0)                     ; 0                 ; 0          ; 0    ; 0            ; |TopModule|division:div|lpm_divide:Div0|lpm_divide_1am:auto_generated                                                   ; lpm_divide_1am      ; work         ;
;             |sign_div_unsign_7kh:divider| ; 22 (0)              ; 0 (0)                     ; 0                 ; 0          ; 0    ; 0            ; |TopModule|division:div|lpm_divide:Div0|lpm_divide_1am:auto_generated|sign_div_unsign_7kh:divider                       ; sign_div_unsign_7kh ; work         ;
;                |alt_u_div_kse:divider|    ; 22 (22)             ; 0 (0)                     ; 0                 ; 0          ; 0    ; 0            ; |TopModule|division:div|lpm_divide:Div0|lpm_divide_1am:auto_generated|sign_div_unsign_7kh:divider|alt_u_div_kse:divider ; alt_u_div_kse       ; work         ;
;    |modulo:mod|                           ; 23 (0)              ; 0 (0)                     ; 0                 ; 0          ; 0    ; 0            ; |TopModule|modulo:mod                                                                                                   ; modulo              ; work         ;
;       |lpm_divide:Mod0|                   ; 23 (0)              ; 0 (0)                     ; 0                 ; 0          ; 0    ; 0            ; |TopModule|modulo:mod|lpm_divide:Mod0                                                                                   ; lpm_divide          ; work         ;
;          |lpm_divide_42m:auto_generated|  ; 23 (0)              ; 0 (0)                     ; 0                 ; 0          ; 0    ; 0            ; |TopModule|modulo:mod|lpm_divide:Mod0|lpm_divide_42m:auto_generated                                                     ; lpm_divide_42m      ; work         ;
;             |sign_div_unsign_7kh:divider| ; 23 (0)              ; 0 (0)                     ; 0                 ; 0          ; 0    ; 0            ; |TopModule|modulo:mod|lpm_divide:Mod0|lpm_divide_42m:auto_generated|sign_div_unsign_7kh:divider                         ; sign_div_unsign_7kh ; work         ;
;                |alt_u_div_kse:divider|    ; 23 (23)             ; 0 (0)                     ; 0                 ; 0          ; 0    ; 0            ; |TopModule|modulo:mod|lpm_divide:Mod0|lpm_divide_42m:auto_generated|sign_div_unsign_7kh:divider|alt_u_div_kse:divider   ; alt_u_div_kse       ; work         ;
;    |multiplicacion:mult|                  ; 0 (0)               ; 0 (0)                     ; 0                 ; 1          ; 0    ; 0            ; |TopModule|multiplicacion:mult                                                                                          ; multiplicacion      ; work         ;
;    |shiftRight:shr|                       ; 1 (1)               ; 0 (0)                     ; 0                 ; 0          ; 0    ; 0            ; |TopModule|shiftRight:shr                                                                                               ; shiftRight          ; work         ;
;    |suma:generate_restas[0].sub|          ; 1 (1)               ; 0 (0)                     ; 0                 ; 0          ; 0    ; 0            ; |TopModule|suma:generate_restas[0].sub                                                                                  ; suma                ; work         ;
;    |suma:generate_restas[3].sub|          ; 2 (2)               ; 0 (0)                     ; 0                 ; 0          ; 0    ; 0            ; |TopModule|suma:generate_restas[3].sub                                                                                  ; suma                ; work         ;
;    |suma:generate_sumas[0].add|           ; 2 (2)               ; 0 (0)                     ; 0                 ; 0          ; 0    ; 0            ; |TopModule|suma:generate_sumas[0].add                                                                                   ; suma                ; work         ;
;    |suma:generate_sumas[2].add|           ; 1 (1)               ; 0 (0)                     ; 0                 ; 0          ; 0    ; 0            ; |TopModule|suma:generate_sumas[2].add                                                                                   ; suma                ; work         ;
;    |suma:generate_sumas[3].add|           ; 2 (2)               ; 0 (0)                     ; 0                 ; 0          ; 0    ; 0            ; |TopModule|suma:generate_sumas[3].add                                                                                   ; suma                ; work         ;
+-------------------------------------------+---------------------+---------------------------+-------------------+------------+------+--------------+-------------------------------------------------------------------------------------------------------------------------+---------------------+--------------+
Note: For table entries with two numbers listed, the numbers in parentheses indicate the number of resources of the given type used by the specific entity alone. The numbers listed outside of parentheses indicate the total resources of the given type used by the specific entity and all of its sub-entities in the hierarchy.


+-----------------------------------------------+
; Analysis & Synthesis DSP Block Usage Summary  ;
+---------------------------------+-------------+
; Statistic                       ; Number Used ;
+---------------------------------+-------------+
; Independent 9x9                 ; 1           ;
; Total number of DSP blocks      ; 1           ;
;                                 ;             ;
; Fixed Point Unsigned Multiplier ; 1           ;
+---------------------------------+-------------+


+------------------------------------------------------+
; General Register Statistics                          ;
+----------------------------------------------+-------+
; Statistic                                    ; Value ;
+----------------------------------------------+-------+
; Total registers                              ; 0     ;
; Number of registers using Synchronous Clear  ; 0     ;
; Number of registers using Synchronous Load   ; 0     ;
; Number of registers using Asynchronous Clear ; 0     ;
; Number of registers using Asynchronous Load  ; 0     ;
; Number of registers using Clock Enable       ; 0     ;
; Number of registers using Preset             ; 0     ;
+----------------------------------------------+-------+


+---------------------------------------------------------------------------+
; Parameter Settings for User Entity Instance: Top-level Entity: |TopModule ;
+----------------+-------+--------------------------------------------------+
; Parameter Name ; Value ; Type                                             ;
+----------------+-------+--------------------------------------------------+
; N_bits         ; 4     ; Signed Integer                                   ;
+----------------+-------+--------------------------------------------------+
Note: In order to hide this table in the UI and the text report file, please set the "Show Parameter Settings in Synthesis Report" option in "Analysis and Synthesis Settings -> More Settings" to "Off".


+------------------------------------------------------------------+
; Parameter Settings for User Entity Instance: multiplicacion:mult ;
+----------------+-------+-----------------------------------------+
; Parameter Name ; Value ; Type                                    ;
+----------------+-------+-----------------------------------------+
; N_bits         ; 4     ; Signed Integer                          ;
+----------------+-------+-----------------------------------------+
Note: In order to hide this table in the UI and the text report file, please set the "Show Parameter Settings in Synthesis Report" option in "Analysis and Synthesis Settings -> More Settings" to "Off".


+-----------------------------------------------------------+
; Parameter Settings for User Entity Instance: division:div ;
+----------------+-------+----------------------------------+
; Parameter Name ; Value ; Type                             ;
+----------------+-------+----------------------------------+
; N_bits         ; 4     ; Signed Integer                   ;
+----------------+-------+----------------------------------+
Note: In order to hide this table in the UI and the text report file, please set the "Show Parameter Settings in Synthesis Report" option in "Analysis and Synthesis Settings -> More Settings" to "Off".


+---------------------------------------------------------+
; Parameter Settings for User Entity Instance: modulo:mod ;
+----------------+-------+--------------------------------+
; Parameter Name ; Value ; Type                           ;
+----------------+-------+--------------------------------+
; N_bits         ; 4     ; Signed Integer                 ;
+----------------+-------+--------------------------------+
Note: In order to hide this table in the UI and the text report file, please set the "Show Parameter Settings in Synthesis Report" option in "Analysis and Synthesis Settings -> More Settings" to "Off".


+----------------------------------------------------------------+
; Parameter Settings for User Entity Instance: and_gate:and_gate ;
+----------------+-------+---------------------------------------+
; Parameter Name ; Value ; Type                                  ;
+----------------+-------+---------------------------------------+
; N_bits         ; 4     ; Signed Integer                        ;
+----------------+-------+---------------------------------------+
Note: In order to hide this table in the UI and the text report file, please set the "Show Parameter Settings in Synthesis Report" option in "Analysis and Synthesis Settings -> More Settings" to "Off".


+--------------------------------------------------------------+
; Parameter Settings for User Entity Instance: or_gate:or_gate ;
+----------------+-------+-------------------------------------+
; Parameter Name ; Value ; Type                                ;
+----------------+-------+-------------------------------------+
; N_bits         ; 4     ; Signed Integer                      ;
+----------------+-------+-------------------------------------+
Note: In order to hide this table in the UI and the text report file, please set the "Show Parameter Settings in Synthesis Report" option in "Analysis and Synthesis Settings -> More Settings" to "Off".


+----------------------------------------------------------------+
; Parameter Settings for User Entity Instance: xor_gate:xor_gate ;
+----------------+-------+---------------------------------------+
; Parameter Name ; Value ; Type                                  ;
+----------------+-------+---------------------------------------+
; N_bits         ; 4     ; Signed Integer                        ;
+----------------+-------+---------------------------------------+
Note: In order to hide this table in the UI and the text report file, please set the "Show Parameter Settings in Synthesis Report" option in "Analysis and Synthesis Settings -> More Settings" to "Off".


+------------------------------------------------------------+
; Parameter Settings for User Entity Instance: shiftLeft:shl ;
+----------------+-------+-----------------------------------+
; Parameter Name ; Value ; Type                              ;
+----------------+-------+-----------------------------------+
; N_bits         ; 4     ; Signed Integer                    ;
+----------------+-------+-----------------------------------+
Note: In order to hide this table in the UI and the text report file, please set the "Show Parameter Settings in Synthesis Report" option in "Analysis and Synthesis Settings -> More Settings" to "Off".


+-------------------------------------------------------------+
; Parameter Settings for User Entity Instance: shiftRight:shr ;
+----------------+-------+------------------------------------+
; Parameter Name ; Value ; Type                               ;
+----------------+-------+------------------------------------+
; N_bits         ; 4     ; Signed Integer                     ;
+----------------+-------+------------------------------------+
Note: In order to hide this table in the UI and the text report file, please set the "Show Parameter Settings in Synthesis Report" option in "Analysis and Synthesis Settings -> More Settings" to "Off".


+-------------------------------------------------------------------------------+
; Parameter Settings for Inferred Entity Instance: division:div|lpm_divide:Div0 ;
+------------------------+----------------+-------------------------------------+
; Parameter Name         ; Value          ; Type                                ;
+------------------------+----------------+-------------------------------------+
; LPM_WIDTHN             ; 4              ; Untyped                             ;
; LPM_WIDTHD             ; 4              ; Untyped                             ;
; LPM_NREPRESENTATION    ; UNSIGNED       ; Untyped                             ;
; LPM_DREPRESENTATION    ; UNSIGNED       ; Untyped                             ;
; LPM_PIPELINE           ; 0              ; Untyped                             ;
; LPM_REMAINDERPOSITIVE  ; TRUE           ; Untyped                             ;
; MAXIMIZE_SPEED         ; 5              ; Untyped                             ;
; CBXI_PARAMETER         ; lpm_divide_1am ; Untyped                             ;
; CARRY_CHAIN            ; MANUAL         ; Untyped                             ;
; OPTIMIZE_FOR_SPEED     ; 5              ; Untyped                             ;
; AUTO_CARRY_CHAINS      ; ON             ; AUTO_CARRY                          ;
; IGNORE_CARRY_BUFFERS   ; OFF            ; IGNORE_CARRY                        ;
; AUTO_CASCADE_CHAINS    ; ON             ; AUTO_CASCADE                        ;
; IGNORE_CASCADE_BUFFERS ; OFF            ; IGNORE_CASCADE                      ;
+------------------------+----------------+-------------------------------------+
Note: In order to hide this table in the UI and the text report file, please set the "Show Parameter Settings in Synthesis Report" option in "Analysis and Synthesis Settings -> More Settings" to "Off".


+-----------------------------------------------------------------------------+
; Parameter Settings for Inferred Entity Instance: modulo:mod|lpm_divide:Mod0 ;
+------------------------+----------------+-----------------------------------+
; Parameter Name         ; Value          ; Type                              ;
+------------------------+----------------+-----------------------------------+
; LPM_WIDTHN             ; 4              ; Untyped                           ;
; LPM_WIDTHD             ; 4              ; Untyped                           ;
; LPM_NREPRESENTATION    ; UNSIGNED       ; Untyped                           ;
; LPM_DREPRESENTATION    ; UNSIGNED       ; Untyped                           ;
; LPM_PIPELINE           ; 0              ; Untyped                           ;
; LPM_REMAINDERPOSITIVE  ; TRUE           ; Untyped                           ;
; MAXIMIZE_SPEED         ; 5              ; Untyped                           ;
; CBXI_PARAMETER         ; lpm_divide_42m ; Untyped                           ;
; CARRY_CHAIN            ; MANUAL         ; Untyped                           ;
; OPTIMIZE_FOR_SPEED     ; 5              ; Untyped                           ;
; AUTO_CARRY_CHAINS      ; ON             ; AUTO_CARRY                        ;
; IGNORE_CARRY_BUFFERS   ; OFF            ; IGNORE_CARRY                      ;
; AUTO_CASCADE_CHAINS    ; ON             ; AUTO_CASCADE                      ;
; IGNORE_CASCADE_BUFFERS ; OFF            ; IGNORE_CASCADE                    ;
+------------------------+----------------+-----------------------------------+
Note: In order to hide this table in the UI and the text report file, please set the "Show Parameter Settings in Synthesis Report" option in "Analysis and Synthesis Settings -> More Settings" to "Off".


+----------------------------------------------------------------------------------------------------------------------------------------------------------------------------------------------------+
; Port Connectivity Checks: "or_gate:or_gate"                                                                                                                                                        ;
+--------+--------+----------+-----------------------------------------------------------------------------------------------------------------------------------------------------------------------+
; Port   ; Type   ; Severity ; Details                                                                                                                                                               ;
+--------+--------+----------+-----------------------------------------------------------------------------------------------------------------------------------------------------------------------+
; result ; Output ; Warning  ; Output or bidir port (1 bits) is smaller than the port expression (4 bits) it drives.  The 3 most-significant bit(s) in the port expression will be connected to GND. ;
+--------+--------+----------+-----------------------------------------------------------------------------------------------------------------------------------------------------------------------+


+----------------------------------------------------------------------------------------------------------------------------------------------------------------------------------------------------+
; Port Connectivity Checks: "and_gate:and_gate"                                                                                                                                                      ;
+--------+--------+----------+-----------------------------------------------------------------------------------------------------------------------------------------------------------------------+
; Port   ; Type   ; Severity ; Details                                                                                                                                                               ;
+--------+--------+----------+-----------------------------------------------------------------------------------------------------------------------------------------------------------------------+
; result ; Output ; Warning  ; Output or bidir port (1 bits) is smaller than the port expression (4 bits) it drives.  The 3 most-significant bit(s) in the port expression will be connected to GND. ;
+--------+--------+----------+-----------------------------------------------------------------------------------------------------------------------------------------------------------------------+


+------------------------------------------------------------------------------------------------------------------------+
; Port Connectivity Checks: "multiplicacion:mult"                                                                        ;
+--------------+--------+----------+-------------------------------------------------------------------------------------+
; Port         ; Type   ; Severity ; Details                                                                             ;
+--------------+--------+----------+-------------------------------------------------------------------------------------+
; result[7..4] ; Output ; Info     ; Connected to dangling logic. Logic that only feeds a dangling port will be removed. ;
+--------------+--------+----------+-------------------------------------------------------------------------------------+


+---------------------------------------------------------+
; Port Connectivity Checks: "suma:generate_restas[0].sub" ;
+------+-------+----------+-------------------------------+
; Port ; Type  ; Severity ; Details                       ;
+------+-------+----------+-------------------------------+
; cin  ; Input ; Info     ; Stuck at GND                  ;
+------+-------+----------+-------------------------------+


+--------------------------------------------------------+
; Port Connectivity Checks: "suma:generate_sumas[0].add" ;
+------+-------+----------+------------------------------+
; Port ; Type  ; Severity ; Details                      ;
+------+-------+----------+------------------------------+
; cin  ; Input ; Info     ; Stuck at GND                 ;
+------+-------+----------+------------------------------+


+-----------------------------------------------------+
; Post-Synthesis Netlist Statistics for Top Partition ;
+-----------------------+-----------------------------+
; Type                  ; Count                       ;
+-----------------------+-----------------------------+
; arriav_lcell_comb     ; 107                         ;
;     arith             ; 12                          ;
;         0 data inputs ; 4                           ;
;         2 data inputs ; 2                           ;
;         5 data inputs ; 6                           ;
;     extend            ; 5                           ;
;         7 data inputs ; 5                           ;
;     normal            ; 72                          ;
;         0 data inputs ; 1                           ;
;         1 data inputs ; 1                           ;
;         2 data inputs ; 7                           ;
;         3 data inputs ; 9                           ;
;         4 data inputs ; 24                          ;
;         5 data inputs ; 19                          ;
;         6 data inputs ; 11                          ;
;     shared            ; 18                          ;
;         0 data inputs ; 6                           ;
;         2 data inputs ; 6                           ;
;         4 data inputs ; 6                           ;
; arriav_mac            ; 1                           ;
; boundary_port         ; 27                          ;
;                       ;                             ;
; Max LUT depth         ; 12.50                       ;
; Average LUT depth     ; 9.38                        ;
+-----------------------+-----------------------------+


+-------------------------------+
; Elapsed Time Per Partition    ;
+----------------+--------------+
; Partition Name ; Elapsed Time ;
+----------------+--------------+
; Top            ; 00:00:02     ;
+----------------+--------------+


+-------------------------------+
; Analysis & Synthesis Messages ;
+-------------------------------+
Info: *******************************************************************
Info: Running Quartus Prime Analysis & Synthesis
    Info: Version 22.1std.2 Build 922 07/20/2023 SC Lite Edition
    Info: Processing started: Wed Sep 13 13:08:06 2023
Info: Command: quartus_map --read_settings_files=on --write_settings_files=off Problema_1 -c Problema_1
Warning (18236): Number of processors has not been specified which may cause overloading on shared machines.  Set the global assignment NUM_PARALLEL_PROCESSORS in your QSF to an appropriate value for best performance.
Info (20030): Parallel compilation is enabled and will use 2 of the 2 processors detected
Info (12021): Found 1 design units, including 1 entities, in source file suma.sv
    Info (12023): Found entity 1: suma File: C:/Users/Bojtronic/Desktop/ALU_FPGA/suma.sv Line: 1
Info (12021): Found 1 design units, including 1 entities, in source file resta.sv
    Info (12023): Found entity 1: resta File: C:/Users/Bojtronic/Desktop/ALU_FPGA/resta.sv Line: 1
Info (12021): Found 1 design units, including 1 entities, in source file and_gate.sv
    Info (12023): Found entity 1: and_gate File: C:/Users/Bojtronic/Desktop/ALU_FPGA/and_gate.sv Line: 1
Info (12021): Found 1 design units, including 1 entities, in source file multiplicacion.sv
    Info (12023): Found entity 1: multiplicacion File: C:/Users/Bojtronic/Desktop/ALU_FPGA/multiplicacion.sv Line: 1
Info (12021): Found 1 design units, including 1 entities, in source file division.sv
    Info (12023): Found entity 1: division File: C:/Users/Bojtronic/Desktop/ALU_FPGA/division.sv Line: 1
Info (12021): Found 1 design units, including 1 entities, in source file modulo.sv
    Info (12023): Found entity 1: modulo File: C:/Users/Bojtronic/Desktop/ALU_FPGA/modulo.sv Line: 1
Info (12021): Found 1 design units, including 1 entities, in source file or_gate.sv
    Info (12023): Found entity 1: or_gate File: C:/Users/Bojtronic/Desktop/ALU_FPGA/or_gate.sv Line: 1
Info (12021): Found 1 design units, including 1 entities, in source file xor_gate.sv
    Info (12023): Found entity 1: xor_gate File: C:/Users/Bojtronic/Desktop/ALU_FPGA/xor_gate.sv Line: 1
Info (12021): Found 1 design units, including 1 entities, in source file shiftleft.sv
    Info (12023): Found entity 1: shiftLeft File: C:/Users/Bojtronic/Desktop/ALU_FPGA/shiftLeft.sv Line: 1
Info (12021): Found 1 design units, including 1 entities, in source file shiftright.sv
    Info (12023): Found entity 1: shiftRight File: C:/Users/Bojtronic/Desktop/ALU_FPGA/shiftRight.sv Line: 1
Info (12021): Found 1 design units, including 1 entities, in source file suma_tb.sv
    Info (12023): Found entity 1: suma_tb File: C:/Users/Bojtronic/Desktop/ALU_FPGA/suma_tb.sv Line: 2
Info (12021): Found 1 design units, including 1 entities, in source file resta_tb.sv
    Info (12023): Found entity 1: resta_tb File: C:/Users/Bojtronic/Desktop/ALU_FPGA/resta_tb.sv Line: 1
Info (12021): Found 1 design units, including 1 entities, in source file and_gate_tb.sv
    Info (12023): Found entity 1: and_gate_tb File: C:/Users/Bojtronic/Desktop/ALU_FPGA/and_gate_tb.sv Line: 1
Info (12021): Found 1 design units, including 1 entities, in source file multiplicacion_tb.sv
    Info (12023): Found entity 1: multiplicacion_tb File: C:/Users/Bojtronic/Desktop/ALU_FPGA/multiplicacion_tb.sv Line: 1
Info (12021): Found 1 design units, including 1 entities, in source file division_tb.sv
    Info (12023): Found entity 1: division_tb File: C:/Users/Bojtronic/Desktop/ALU_FPGA/division_tb.sv Line: 1
Info (12021): Found 1 design units, including 1 entities, in source file modulo_tb.sv
    Info (12023): Found entity 1: modulo_tb File: C:/Users/Bojtronic/Desktop/ALU_FPGA/modulo_tb.sv Line: 1
Info (12021): Found 1 design units, including 1 entities, in source file or_gate_tb.sv
    Info (12023): Found entity 1: or_gate_tb File: C:/Users/Bojtronic/Desktop/ALU_FPGA/or_gate_tb.sv Line: 1
Info (12021): Found 1 design units, including 1 entities, in source file xor_gate_tb.sv
    Info (12023): Found entity 1: xor_gate_tb File: C:/Users/Bojtronic/Desktop/ALU_FPGA/xor_gate_tb.sv Line: 1
Info (12021): Found 1 design units, including 1 entities, in source file shiftleft_tb.sv
    Info (12023): Found entity 1: shiftLeft_tb File: C:/Users/Bojtronic/Desktop/ALU_FPGA/shiftLeft_tb.sv Line: 1
Info (12021): Found 1 design units, including 1 entities, in source file shiftright_tb.sv
    Info (12023): Found entity 1: shiftRight_tb File: C:/Users/Bojtronic/Desktop/ALU_FPGA/shiftRight_tb.sv Line: 1
Info (12021): Found 1 design units, including 1 entities, in source file topmodule.sv
    Info (12023): Found entity 1: TopModule File: C:/Users/Bojtronic/Desktop/ALU_FPGA/TopModule.sv Line: 1
Info (12021): Found 1 design units, including 1 entities, in source file topmodule_tb.sv
    Info (12023): Found entity 1: TopModule_tb File: C:/Users/Bojtronic/Desktop/ALU_FPGA/TopModule_tb.sv Line: 1
Info (12127): Elaborating entity "TopModule" for the top level hierarchy
Warning (10230): Verilog HDL assignment warning at TopModule.sv(179): truncated value with size 8 to match size of target (4) File: C:/Users/Bojtronic/Desktop/ALU_FPGA/TopModule.sv Line: 179
Info (12128): Elaborating entity "suma" for hierarchy "suma:generate_sumas[0].add" File: C:/Users/Bojtronic/Desktop/ALU_FPGA/TopModule.sv Line: 63
Info (12128): Elaborating entity "multiplicacion" for hierarchy "multiplicacion:mult" File: C:/Users/Bojtronic/Desktop/ALU_FPGA/TopModule.sv Line: 100
Info (12128): Elaborating entity "division" for hierarchy "division:div" File: C:/Users/Bojtronic/Desktop/ALU_FPGA/TopModule.sv Line: 110
Info (12128): Elaborating entity "modulo" for hierarchy "modulo:mod" File: C:/Users/Bojtronic/Desktop/ALU_FPGA/TopModule.sv Line: 118
Info (12128): Elaborating entity "and_gate" for hierarchy "and_gate:and_gate" File: C:/Users/Bojtronic/Desktop/ALU_FPGA/TopModule.sv Line: 128
Warning (10230): Verilog HDL assignment warning at and_gate.sv(7): truncated value with size 4 to match size of target (1) File: C:/Users/Bojtronic/Desktop/ALU_FPGA/and_gate.sv Line: 7
Info (12128): Elaborating entity "or_gate" for hierarchy "or_gate:or_gate" File: C:/Users/Bojtronic/Desktop/ALU_FPGA/TopModule.sv Line: 137
Warning (10230): Verilog HDL assignment warning at or_gate.sv(7): truncated value with size 4 to match size of target (1) File: C:/Users/Bojtronic/Desktop/ALU_FPGA/or_gate.sv Line: 7
Info (12128): Elaborating entity "xor_gate" for hierarchy "xor_gate:xor_gate" File: C:/Users/Bojtronic/Desktop/ALU_FPGA/TopModule.sv Line: 145
Info (12128): Elaborating entity "shiftLeft" for hierarchy "shiftLeft:shl" File: C:/Users/Bojtronic/Desktop/ALU_FPGA/TopModule.sv Line: 153
Info (12128): Elaborating entity "shiftRight" for hierarchy "shiftRight:shr" File: C:/Users/Bojtronic/Desktop/ALU_FPGA/TopModule.sv Line: 161
Info (278001): Inferred 2 megafunctions from design logic
    Info (278004): Inferred divider/modulo megafunction ("lpm_divide") from the following logic: "division:div|Div0" File: C:/Users/Bojtronic/Desktop/ALU_FPGA/division.sv Line: 11
    Info (278004): Inferred divider/modulo megafunction ("lpm_divide") from the following logic: "modulo:mod|Mod0" File: C:/Users/Bojtronic/Desktop/ALU_FPGA/modulo.sv Line: 11
Info (12130): Elaborated megafunction instantiation "division:div|lpm_divide:Div0" File: C:/Users/Bojtronic/Desktop/ALU_FPGA/division.sv Line: 11
Info (12133): Instantiated megafunction "division:div|lpm_divide:Div0" with the following parameter: File: C:/Users/Bojtronic/Desktop/ALU_FPGA/division.sv Line: 11
    Info (12134): Parameter "LPM_WIDTHN" = "4"
    Info (12134): Parameter "LPM_WIDTHD" = "4"
    Info (12134): Parameter "LPM_NREPRESENTATION" = "UNSIGNED"
    Info (12134): Parameter "LPM_DREPRESENTATION" = "UNSIGNED"
Info (12021): Found 1 design units, including 1 entities, in source file db/lpm_divide_1am.tdf
    Info (12023): Found entity 1: lpm_divide_1am File: C:/Users/Bojtronic/Desktop/ALU_FPGA/db/lpm_divide_1am.tdf Line: 25
Info (12021): Found 1 design units, including 1 entities, in source file db/sign_div_unsign_7kh.tdf
    Info (12023): Found entity 1: sign_div_unsign_7kh File: C:/Users/Bojtronic/Desktop/ALU_FPGA/db/sign_div_unsign_7kh.tdf Line: 25
Info (12021): Found 1 design units, including 1 entities, in source file db/alt_u_div_kse.tdf
    Info (12023): Found entity 1: alt_u_div_kse File: C:/Users/Bojtronic/Desktop/ALU_FPGA/db/alt_u_div_kse.tdf Line: 23
Info (12130): Elaborated megafunction instantiation "modulo:mod|lpm_divide:Mod0" File: C:/Users/Bojtronic/Desktop/ALU_FPGA/modulo.sv Line: 11
Info (12133): Instantiated megafunction "modulo:mod|lpm_divide:Mod0" with the following parameter: File: C:/Users/Bojtronic/Desktop/ALU_FPGA/modulo.sv Line: 11
    Info (12134): Parameter "LPM_WIDTHN" = "4"
    Info (12134): Parameter "LPM_WIDTHD" = "4"
    Info (12134): Parameter "LPM_NREPRESENTATION" = "UNSIGNED"
    Info (12134): Parameter "LPM_DREPRESENTATION" = "UNSIGNED"
Info (12021): Found 1 design units, including 1 entities, in source file db/lpm_divide_42m.tdf
    Info (12023): Found entity 1: lpm_divide_42m File: C:/Users/Bojtronic/Desktop/ALU_FPGA/db/lpm_divide_42m.tdf Line: 25
Warning (12241): 2 hierarchies have connectivity warnings - see the Connectivity Checks report folder
Warning (13024): Output pins are stuck at VCC or GND
    Warning (13410): Pin "V" is stuck at GND File: C:/Users/Bojtronic/Desktop/ALU_FPGA/TopModule.sv Line: 9
Info (286030): Timing-Driven Synthesis is running
Info (16010): Generating hard_block partition "hard_block:auto_generated_inst"
    Info (16011): Adding 0 node(s), including 0 DDIO, 0 PLL, 0 transceiver and 0 LCELL
Info (21057): Implemented 133 device resources after synthesis - the final resource count might be different
    Info (21058): Implemented 12 input pins
    Info (21059): Implemented 15 output pins
    Info (21061): Implemented 105 logic cells
    Info (21062): Implemented 1 DSP elements
Info: Quartus Prime Analysis & Synthesis was successful. 0 errors, 7 warnings
    Info: Peak virtual memory: 4819 megabytes
    Info: Processing ended: Wed Sep 13 13:08:36 2023
    Info: Elapsed time: 00:00:30
    Info: Total CPU time (on all processors): 00:00:42


